[0.386s] Invoking command in '/home/rokey/rokey_ws/build/img_data_pkg': PYTHONPATH=/home/rokey/rokey_ws/build/img_data_pkg/prefix_override:/usr/lib/python3/dist-packages/colcon_core/task/python/colcon_distutils_commands:/home/rokey/rokey_ws/install/img_data_pkg/lib/python3.10/site-packages:${PYTHONPATH} /usr/bin/python3 -W ignore:setup.py install is deprecated -W ignore:easy_install command is deprecated setup.py develop --editable --build-directory /home/rokey/rokey_ws/build/img_data_pkg/build --no-deps symlink_data
[0.551s] running develop
[0.656s] running egg_info
[0.657s] writing img_data_pkg.egg-info/PKG-INFO
[0.657s] writing dependency_links to img_data_pkg.egg-info/dependency_links.txt
[0.657s] writing entry points to img_data_pkg.egg-info/entry_points.txt
[0.657s] writing requirements to img_data_pkg.egg-info/requires.txt
[0.657s] writing top-level names to img_data_pkg.egg-info/top_level.txt
[0.658s] reading manifest file 'img_data_pkg.egg-info/SOURCES.txt'
[0.659s] writing manifest file 'img_data_pkg.egg-info/SOURCES.txt'
[0.659s] running build_ext
[0.659s] Creating /home/rokey/rokey_ws/install/img_data_pkg/lib/python3.10/site-packages/img-data-pkg.egg-link (link to .)
[0.660s] Installing capture_photo script to /home/rokey/rokey_ws/install/img_data_pkg/lib/img_data_pkg
[0.660s] Installing data_publisher script to /home/rokey/rokey_ws/install/img_data_pkg/lib/img_data_pkg
[0.660s] Installing data_subscriber script to /home/rokey/rokey_ws/install/img_data_pkg/lib/img_data_pkg
[0.660s] Installing image_publisher script to /home/rokey/rokey_ws/install/img_data_pkg/lib/img_data_pkg
[0.660s] Installing image_subscriber script to /home/rokey/rokey_ws/install/img_data_pkg/lib/img_data_pkg
[0.660s] 
[0.660s] Installed /home/rokey/rokey_ws/build/img_data_pkg
[0.660s] running symlink_data
[0.660s] symbolically linking /home/rokey/rokey_ws/build/img_data_pkg/images/sample.jpg -> /home/rokey/rokey_ws/install/img_data_pkg/share/img_data_pkg/images
[0.676s] Invoked command in '/home/rokey/rokey_ws/build/img_data_pkg' returned '0': PYTHONPATH=/home/rokey/rokey_ws/build/img_data_pkg/prefix_override:/usr/lib/python3/dist-packages/colcon_core/task/python/colcon_distutils_commands:/home/rokey/rokey_ws/install/img_data_pkg/lib/python3.10/site-packages:${PYTHONPATH} /usr/bin/python3 -W ignore:setup.py install is deprecated -W ignore:easy_install command is deprecated setup.py develop --editable --build-directory /home/rokey/rokey_ws/build/img_data_pkg/build --no-deps symlink_data
