[0.077s] DEBUG:colcon:Command line arguments: ['/usr/bin/colcon', 'build']
[0.077s] DEBUG:colcon:Parsed command line arguments: Namespace(log_base=None, log_level=None, verb_name='build', build_base='build', install_base='install', merge_install=False, symlink_install=False, test_result_base=None, continue_on_error=False, executor='parallel', parallel_workers=20, event_handlers=None, ignore_user_meta=False, metas=['./colcon.meta'], base_paths=['.'], packages_ignore=None, packages_ignore_regex=None, paths=None, packages_up_to=None, packages_up_to_regex=None, packages_above=None, packages_above_and_dependencies=None, packages_above_depth=None, packages_select_by_dep=None, packages_skip_by_dep=None, packages_skip_up_to=None, packages_select_build_failed=False, packages_skip_build_finished=False, packages_select_test_failures=False, packages_skip_test_passed=False, packages_select=None, packages_skip=None, packages_select_regex=None, packages_skip_regex=None, packages_start=None, packages_end=None, allow_overriding=[], cmake_args=None, cmake_target=None, cmake_target_skip_unavailable=False, cmake_clean_cache=False, cmake_clean_first=False, cmake_force_configure=False, ament_cmake_args=None, catkin_cmake_args=None, catkin_skip_building_tests=False, mixin_files=None, mixin=None, verb_parser=<colcon_mixin.mixin.mixin_argument.MixinArgumentDecorator object at 0x7f2d78d93e80>, verb_extension=<colcon_core.verb.build.BuildVerb object at 0x7f2d78d936a0>, main=<bound method BuildVerb.main of <colcon_core.verb.build.BuildVerb object at 0x7f2d78d936a0>>, mixin_verb=('build',))
[0.182s] Level 1:colcon.colcon_core.package_discovery:discover_packages(colcon_meta) check parameters
[0.182s] Level 1:colcon.colcon_core.package_discovery:discover_packages(recursive) check parameters
[0.182s] Level 1:colcon.colcon_core.package_discovery:discover_packages(ignore) check parameters
[0.182s] Level 1:colcon.colcon_core.package_discovery:discover_packages(path) check parameters
[0.182s] Level 1:colcon.colcon_core.package_discovery:discover_packages(colcon_meta) discover
[0.182s] Level 1:colcon.colcon_core.package_discovery:discover_packages(recursive) discover
[0.182s] INFO:colcon.colcon_core.package_discovery:Crawling recursively for packages in '/home/rokey/rokey_ws'
[0.182s] Level 1:colcon.colcon_core.package_identification:_identify(.) by extensions ['ignore', 'ignore_ament_install']
[0.182s] Level 1:colcon.colcon_core.package_identification:_identify(.) by extension 'ignore'
[0.182s] Level 1:colcon.colcon_core.package_identification:_identify(.) by extension 'ignore_ament_install'
[0.182s] Level 1:colcon.colcon_core.package_identification:_identify(.) by extensions ['colcon_pkg']
[0.182s] Level 1:colcon.colcon_core.package_identification:_identify(.) by extension 'colcon_pkg'
[0.182s] Level 1:colcon.colcon_core.package_identification:_identify(.) by extensions ['colcon_meta']
[0.182s] Level 1:colcon.colcon_core.package_identification:_identify(.) by extension 'colcon_meta'
[0.182s] Level 1:colcon.colcon_core.package_identification:_identify(.) by extensions ['ros']
[0.182s] Level 1:colcon.colcon_core.package_identification:_identify(.) by extension 'ros'
[0.189s] Level 1:colcon.colcon_core.package_identification:_identify(.) by extensions ['cmake', 'python']
[0.189s] Level 1:colcon.colcon_core.package_identification:_identify(.) by extension 'cmake'
[0.189s] Level 1:colcon.colcon_core.package_identification:_identify(.) by extension 'python'
[0.189s] Level 1:colcon.colcon_core.package_identification:_identify(.) by extensions ['python_setup_py']
[0.189s] Level 1:colcon.colcon_core.package_identification:_identify(.) by extension 'python_setup_py'
[0.189s] Level 1:colcon.colcon_core.package_identification:_identify(build) by extensions ['ignore', 'ignore_ament_install']
[0.189s] Level 1:colcon.colcon_core.package_identification:_identify(build) by extension 'ignore'
[0.189s] Level 1:colcon.colcon_core.package_identification:_identify(build) ignored
[0.189s] Level 1:colcon.colcon_core.package_identification:_identify(install) by extensions ['ignore', 'ignore_ament_install']
[0.189s] Level 1:colcon.colcon_core.package_identification:_identify(install) by extension 'ignore'
[0.189s] Level 1:colcon.colcon_core.package_identification:_identify(install) ignored
[0.189s] Level 1:colcon.colcon_core.package_identification:_identify(log) by extensions ['ignore', 'ignore_ament_install']
[0.189s] Level 1:colcon.colcon_core.package_identification:_identify(log) by extension 'ignore'
[0.189s] Level 1:colcon.colcon_core.package_identification:_identify(log) ignored
[0.189s] Level 1:colcon.colcon_core.package_identification:_identify(src) by extensions ['ignore', 'ignore_ament_install']
[0.189s] Level 1:colcon.colcon_core.package_identification:_identify(src) by extension 'ignore'
[0.189s] Level 1:colcon.colcon_core.package_identification:_identify(src) by extension 'ignore_ament_install'
[0.189s] Level 1:colcon.colcon_core.package_identification:_identify(src) by extensions ['colcon_pkg']
[0.189s] Level 1:colcon.colcon_core.package_identification:_identify(src) by extension 'colcon_pkg'
[0.189s] Level 1:colcon.colcon_core.package_identification:_identify(src) by extensions ['colcon_meta']
[0.189s] Level 1:colcon.colcon_core.package_identification:_identify(src) by extension 'colcon_meta'
[0.190s] Level 1:colcon.colcon_core.package_identification:_identify(src) by extensions ['ros']
[0.190s] Level 1:colcon.colcon_core.package_identification:_identify(src) by extension 'ros'
[0.190s] Level 1:colcon.colcon_core.package_identification:_identify(src) by extensions ['cmake', 'python']
[0.190s] Level 1:colcon.colcon_core.package_identification:_identify(src) by extension 'cmake'
[0.190s] Level 1:colcon.colcon_core.package_identification:_identify(src) by extension 'python'
[0.190s] Level 1:colcon.colcon_core.package_identification:_identify(src) by extensions ['python_setup_py']
[0.190s] Level 1:colcon.colcon_core.package_identification:_identify(src) by extension 'python_setup_py'
[0.190s] Level 1:colcon.colcon_core.package_identification:_identify(src/amr_yolo_detect) by extensions ['ignore', 'ignore_ament_install']
[0.190s] Level 1:colcon.colcon_core.package_identification:_identify(src/amr_yolo_detect) by extension 'ignore'
[0.190s] Level 1:colcon.colcon_core.package_identification:_identify(src/amr_yolo_detect) by extension 'ignore_ament_install'
[0.190s] Level 1:colcon.colcon_core.package_identification:_identify(src/amr_yolo_detect) by extensions ['colcon_pkg']
[0.190s] Level 1:colcon.colcon_core.package_identification:_identify(src/amr_yolo_detect) by extension 'colcon_pkg'
[0.190s] Level 1:colcon.colcon_core.package_identification:_identify(src/amr_yolo_detect) by extensions ['colcon_meta']
[0.190s] Level 1:colcon.colcon_core.package_identification:_identify(src/amr_yolo_detect) by extension 'colcon_meta'
[0.190s] Level 1:colcon.colcon_core.package_identification:_identify(src/amr_yolo_detect) by extensions ['ros']
[0.190s] Level 1:colcon.colcon_core.package_identification:_identify(src/amr_yolo_detect) by extension 'ros'
[0.191s] DEBUG:colcon.colcon_core.package_identification:Package 'src/amr_yolo_detect' with type 'ros.ament_python' and name 'amr_yolo_detect'
[0.191s] Level 1:colcon.colcon_core.package_identification:_identify(src/data_preprocessing_pkg) by extensions ['ignore', 'ignore_ament_install']
[0.192s] Level 1:colcon.colcon_core.package_identification:_identify(src/data_preprocessing_pkg) by extension 'ignore'
[0.192s] Level 1:colcon.colcon_core.package_identification:_identify(src/data_preprocessing_pkg) by extension 'ignore_ament_install'
[0.192s] Level 1:colcon.colcon_core.package_identification:_identify(src/data_preprocessing_pkg) by extensions ['colcon_pkg']
[0.192s] Level 1:colcon.colcon_core.package_identification:_identify(src/data_preprocessing_pkg) by extension 'colcon_pkg'
[0.192s] Level 1:colcon.colcon_core.package_identification:_identify(src/data_preprocessing_pkg) by extensions ['colcon_meta']
[0.192s] Level 1:colcon.colcon_core.package_identification:_identify(src/data_preprocessing_pkg) by extension 'colcon_meta'
[0.192s] Level 1:colcon.colcon_core.package_identification:_identify(src/data_preprocessing_pkg) by extensions ['ros']
[0.192s] Level 1:colcon.colcon_core.package_identification:_identify(src/data_preprocessing_pkg) by extension 'ros'
[0.192s] DEBUG:colcon.colcon_core.package_identification:Package 'src/data_preprocessing_pkg' with type 'ros.ament_python' and name 'data_preprocessing_pkg'
[0.192s] Level 1:colcon.colcon_core.package_identification:_identify(src/image_capture) by extensions ['ignore', 'ignore_ament_install']
[0.192s] Level 1:colcon.colcon_core.package_identification:_identify(src/image_capture) by extension 'ignore'
[0.192s] Level 1:colcon.colcon_core.package_identification:_identify(src/image_capture) by extension 'ignore_ament_install'
[0.192s] Level 1:colcon.colcon_core.package_identification:_identify(src/image_capture) by extensions ['colcon_pkg']
[0.192s] Level 1:colcon.colcon_core.package_identification:_identify(src/image_capture) by extension 'colcon_pkg'
[0.192s] Level 1:colcon.colcon_core.package_identification:_identify(src/image_capture) by extensions ['colcon_meta']
[0.192s] Level 1:colcon.colcon_core.package_identification:_identify(src/image_capture) by extension 'colcon_meta'
[0.192s] Level 1:colcon.colcon_core.package_identification:_identify(src/image_capture) by extensions ['ros']
[0.192s] Level 1:colcon.colcon_core.package_identification:_identify(src/image_capture) by extension 'ros'
[0.193s] DEBUG:colcon.colcon_core.package_identification:Package 'src/image_capture' with type 'ros.ament_python' and name 'image_capture'
[0.193s] Level 1:colcon.colcon_core.package_identification:_identify(src/img_data_pkg) by extensions ['ignore', 'ignore_ament_install']
[0.193s] Level 1:colcon.colcon_core.package_identification:_identify(src/img_data_pkg) by extension 'ignore'
[0.193s] Level 1:colcon.colcon_core.package_identification:_identify(src/img_data_pkg) by extension 'ignore_ament_install'
[0.193s] Level 1:colcon.colcon_core.package_identification:_identify(src/img_data_pkg) by extensions ['colcon_pkg']
[0.193s] Level 1:colcon.colcon_core.package_identification:_identify(src/img_data_pkg) by extension 'colcon_pkg'
[0.193s] Level 1:colcon.colcon_core.package_identification:_identify(src/img_data_pkg) by extensions ['colcon_meta']
[0.193s] Level 1:colcon.colcon_core.package_identification:_identify(src/img_data_pkg) by extension 'colcon_meta'
[0.193s] Level 1:colcon.colcon_core.package_identification:_identify(src/img_data_pkg) by extensions ['ros']
[0.193s] Level 1:colcon.colcon_core.package_identification:_identify(src/img_data_pkg) by extension 'ros'
[0.193s] DEBUG:colcon.colcon_core.package_identification:Package 'src/img_data_pkg' with type 'ros.ament_python' and name 'img_data_pkg'
[0.193s] Level 1:colcon.colcon_core.package_identification:_identify(src/turtlebot4_beep) by extensions ['ignore', 'ignore_ament_install']
[0.193s] Level 1:colcon.colcon_core.package_identification:_identify(src/turtlebot4_beep) by extension 'ignore'
[0.193s] Level 1:colcon.colcon_core.package_identification:_identify(src/turtlebot4_beep) by extension 'ignore_ament_install'
[0.194s] Level 1:colcon.colcon_core.package_identification:_identify(src/turtlebot4_beep) by extensions ['colcon_pkg']
[0.194s] Level 1:colcon.colcon_core.package_identification:_identify(src/turtlebot4_beep) by extension 'colcon_pkg'
[0.194s] Level 1:colcon.colcon_core.package_identification:_identify(src/turtlebot4_beep) by extensions ['colcon_meta']
[0.194s] Level 1:colcon.colcon_core.package_identification:_identify(src/turtlebot4_beep) by extension 'colcon_meta'
[0.194s] Level 1:colcon.colcon_core.package_identification:_identify(src/turtlebot4_beep) by extensions ['ros']
[0.194s] Level 1:colcon.colcon_core.package_identification:_identify(src/turtlebot4_beep) by extension 'ros'
[0.194s] DEBUG:colcon.colcon_core.package_identification:Package 'src/turtlebot4_beep' with type 'ros.ament_python' and name 'turtlebot4_beep'
[0.194s] Level 1:colcon.colcon_core.package_discovery:discover_packages(recursive) using defaults
[0.194s] Level 1:colcon.colcon_core.package_discovery:discover_packages(ignore) discover
[0.194s] Level 1:colcon.colcon_core.package_discovery:discover_packages(ignore) using defaults
[0.194s] Level 1:colcon.colcon_core.package_discovery:discover_packages(path) discover
[0.194s] Level 1:colcon.colcon_core.package_discovery:discover_packages(path) using defaults
[0.207s] Level 1:colcon.colcon_core.package_discovery:discover_packages(prefix_path) check parameters
[0.207s] Level 1:colcon.colcon_core.package_discovery:discover_packages(prefix_path) discover
[0.208s] DEBUG:colcon.colcon_installed_package_information.package_discovery:Found 5 installed packages in /home/rokey/rokey_ws/install
[0.208s] DEBUG:colcon.colcon_installed_package_information.package_discovery:Found 389 installed packages in /opt/ros/humble
[0.210s] Level 1:colcon.colcon_core.package_discovery:discover_packages(prefix_path) using defaults
[0.234s] Level 5:colcon.colcon_core.verb:set package 'amr_yolo_detect' build argument 'cmake_args' from command line to 'None'
[0.234s] Level 5:colcon.colcon_core.verb:set package 'amr_yolo_detect' build argument 'cmake_target' from command line to 'None'
[0.234s] Level 5:colcon.colcon_core.verb:set package 'amr_yolo_detect' build argument 'cmake_target_skip_unavailable' from command line to 'False'
[0.234s] Level 5:colcon.colcon_core.verb:set package 'amr_yolo_detect' build argument 'cmake_clean_cache' from command line to 'False'
[0.234s] Level 5:colcon.colcon_core.verb:set package 'amr_yolo_detect' build argument 'cmake_clean_first' from command line to 'False'
[0.234s] Level 5:colcon.colcon_core.verb:set package 'amr_yolo_detect' build argument 'cmake_force_configure' from command line to 'False'
[0.234s] Level 5:colcon.colcon_core.verb:set package 'amr_yolo_detect' build argument 'ament_cmake_args' from command line to 'None'
[0.234s] Level 5:colcon.colcon_core.verb:set package 'amr_yolo_detect' build argument 'catkin_cmake_args' from command line to 'None'
[0.234s] Level 5:colcon.colcon_core.verb:set package 'amr_yolo_detect' build argument 'catkin_skip_building_tests' from command line to 'False'
[0.234s] DEBUG:colcon.colcon_core.verb:Building package 'amr_yolo_detect' with the following arguments: {'ament_cmake_args': None, 'build_base': '/home/rokey/rokey_ws/build/amr_yolo_detect', 'catkin_cmake_args': None, 'catkin_skip_building_tests': False, 'cmake_args': None, 'cmake_clean_cache': False, 'cmake_clean_first': False, 'cmake_force_configure': False, 'cmake_target': None, 'cmake_target_skip_unavailable': False, 'install_base': '/home/rokey/rokey_ws/install/amr_yolo_detect', 'merge_install': False, 'path': '/home/rokey/rokey_ws/src/amr_yolo_detect', 'symlink_install': False, 'test_result_base': None}
[0.235s] Level 5:colcon.colcon_core.verb:set package 'data_preprocessing_pkg' build argument 'cmake_args' from command line to 'None'
[0.235s] Level 5:colcon.colcon_core.verb:set package 'data_preprocessing_pkg' build argument 'cmake_target' from command line to 'None'
[0.235s] Level 5:colcon.colcon_core.verb:set package 'data_preprocessing_pkg' build argument 'cmake_target_skip_unavailable' from command line to 'False'
[0.235s] Level 5:colcon.colcon_core.verb:set package 'data_preprocessing_pkg' build argument 'cmake_clean_cache' from command line to 'False'
[0.235s] Level 5:colcon.colcon_core.verb:set package 'data_preprocessing_pkg' build argument 'cmake_clean_first' from command line to 'False'
[0.235s] Level 5:colcon.colcon_core.verb:set package 'data_preprocessing_pkg' build argument 'cmake_force_configure' from command line to 'False'
[0.235s] Level 5:colcon.colcon_core.verb:set package 'data_preprocessing_pkg' build argument 'ament_cmake_args' from command line to 'None'
[0.235s] Level 5:colcon.colcon_core.verb:set package 'data_preprocessing_pkg' build argument 'catkin_cmake_args' from command line to 'None'
[0.235s] Level 5:colcon.colcon_core.verb:set package 'data_preprocessing_pkg' build argument 'catkin_skip_building_tests' from command line to 'False'
[0.235s] DEBUG:colcon.colcon_core.verb:Building package 'data_preprocessing_pkg' with the following arguments: {'ament_cmake_args': None, 'build_base': '/home/rokey/rokey_ws/build/data_preprocessing_pkg', 'catkin_cmake_args': None, 'catkin_skip_building_tests': False, 'cmake_args': None, 'cmake_clean_cache': False, 'cmake_clean_first': False, 'cmake_force_configure': False, 'cmake_target': None, 'cmake_target_skip_unavailable': False, 'install_base': '/home/rokey/rokey_ws/install/data_preprocessing_pkg', 'merge_install': False, 'path': '/home/rokey/rokey_ws/src/data_preprocessing_pkg', 'symlink_install': False, 'test_result_base': None}
[0.235s] Level 5:colcon.colcon_core.verb:set package 'image_capture' build argument 'cmake_args' from command line to 'None'
[0.235s] Level 5:colcon.colcon_core.verb:set package 'image_capture' build argument 'cmake_target' from command line to 'None'
[0.235s] Level 5:colcon.colcon_core.verb:set package 'image_capture' build argument 'cmake_target_skip_unavailable' from command line to 'False'
[0.235s] Level 5:colcon.colcon_core.verb:set package 'image_capture' build argument 'cmake_clean_cache' from command line to 'False'
[0.235s] Level 5:colcon.colcon_core.verb:set package 'image_capture' build argument 'cmake_clean_first' from command line to 'False'
[0.235s] Level 5:colcon.colcon_core.verb:set package 'image_capture' build argument 'cmake_force_configure' from command line to 'False'
[0.235s] Level 5:colcon.colcon_core.verb:set package 'image_capture' build argument 'ament_cmake_args' from command line to 'None'
[0.235s] Level 5:colcon.colcon_core.verb:set package 'image_capture' build argument 'catkin_cmake_args' from command line to 'None'
[0.235s] Level 5:colcon.colcon_core.verb:set package 'image_capture' build argument 'catkin_skip_building_tests' from command line to 'False'
[0.235s] DEBUG:colcon.colcon_core.verb:Building package 'image_capture' with the following arguments: {'ament_cmake_args': None, 'build_base': '/home/rokey/rokey_ws/build/image_capture', 'catkin_cmake_args': None, 'catkin_skip_building_tests': False, 'cmake_args': None, 'cmake_clean_cache': False, 'cmake_clean_first': False, 'cmake_force_configure': False, 'cmake_target': None, 'cmake_target_skip_unavailable': False, 'install_base': '/home/rokey/rokey_ws/install/image_capture', 'merge_install': False, 'path': '/home/rokey/rokey_ws/src/image_capture', 'symlink_install': False, 'test_result_base': None}
[0.235s] Level 5:colcon.colcon_core.verb:set package 'img_data_pkg' build argument 'cmake_args' from command line to 'None'
[0.235s] Level 5:colcon.colcon_core.verb:set package 'img_data_pkg' build argument 'cmake_target' from command line to 'None'
[0.235s] Level 5:colcon.colcon_core.verb:set package 'img_data_pkg' build argument 'cmake_target_skip_unavailable' from command line to 'False'
[0.235s] Level 5:colcon.colcon_core.verb:set package 'img_data_pkg' build argument 'cmake_clean_cache' from command line to 'False'
[0.235s] Level 5:colcon.colcon_core.verb:set package 'img_data_pkg' build argument 'cmake_clean_first' from command line to 'False'
[0.235s] Level 5:colcon.colcon_core.verb:set package 'img_data_pkg' build argument 'cmake_force_configure' from command line to 'False'
[0.235s] Level 5:colcon.colcon_core.verb:set package 'img_data_pkg' build argument 'ament_cmake_args' from command line to 'None'
[0.235s] Level 5:colcon.colcon_core.verb:set package 'img_data_pkg' build argument 'catkin_cmake_args' from command line to 'None'
[0.235s] Level 5:colcon.colcon_core.verb:set package 'img_data_pkg' build argument 'catkin_skip_building_tests' from command line to 'False'
[0.235s] DEBUG:colcon.colcon_core.verb:Building package 'img_data_pkg' with the following arguments: {'ament_cmake_args': None, 'build_base': '/home/rokey/rokey_ws/build/img_data_pkg', 'catkin_cmake_args': None, 'catkin_skip_building_tests': False, 'cmake_args': None, 'cmake_clean_cache': False, 'cmake_clean_first': False, 'cmake_force_configure': False, 'cmake_target': None, 'cmake_target_skip_unavailable': False, 'install_base': '/home/rokey/rokey_ws/install/img_data_pkg', 'merge_install': False, 'path': '/home/rokey/rokey_ws/src/img_data_pkg', 'symlink_install': False, 'test_result_base': None}
[0.235s] Level 5:colcon.colcon_core.verb:set package 'turtlebot4_beep' build argument 'cmake_args' from command line to 'None'
[0.235s] Level 5:colcon.colcon_core.verb:set package 'turtlebot4_beep' build argument 'cmake_target' from command line to 'None'
[0.235s] Level 5:colcon.colcon_core.verb:set package 'turtlebot4_beep' build argument 'cmake_target_skip_unavailable' from command line to 'False'
[0.235s] Level 5:colcon.colcon_core.verb:set package 'turtlebot4_beep' build argument 'cmake_clean_cache' from command line to 'False'
[0.235s] Level 5:colcon.colcon_core.verb:set package 'turtlebot4_beep' build argument 'cmake_clean_first' from command line to 'False'
[0.235s] Level 5:colcon.colcon_core.verb:set package 'turtlebot4_beep' build argument 'cmake_force_configure' from command line to 'False'
[0.235s] Level 5:colcon.colcon_core.verb:set package 'turtlebot4_beep' build argument 'ament_cmake_args' from command line to 'None'
[0.236s] Level 5:colcon.colcon_core.verb:set package 'turtlebot4_beep' build argument 'catkin_cmake_args' from command line to 'None'
[0.236s] Level 5:colcon.colcon_core.verb:set package 'turtlebot4_beep' build argument 'catkin_skip_building_tests' from command line to 'False'
[0.236s] DEBUG:colcon.colcon_core.verb:Building package 'turtlebot4_beep' with the following arguments: {'ament_cmake_args': None, 'build_base': '/home/rokey/rokey_ws/build/turtlebot4_beep', 'catkin_cmake_args': None, 'catkin_skip_building_tests': False, 'cmake_args': None, 'cmake_clean_cache': False, 'cmake_clean_first': False, 'cmake_force_configure': False, 'cmake_target': None, 'cmake_target_skip_unavailable': False, 'install_base': '/home/rokey/rokey_ws/install/turtlebot4_beep', 'merge_install': False, 'path': '/home/rokey/rokey_ws/src/turtlebot4_beep', 'symlink_install': False, 'test_result_base': None}
[0.236s] INFO:colcon.colcon_core.executor:Executing jobs using 'parallel' executor
[0.236s] DEBUG:colcon.colcon_parallel_executor.executor.parallel:run_until_complete
[0.236s] INFO:colcon.colcon_ros.task.ament_python.build:Building ROS package in '/home/rokey/rokey_ws/src/amr_yolo_detect' with build type 'ament_python'
[0.237s] Level 1:colcon.colcon_core.shell:create_environment_hook('amr_yolo_detect', 'ament_prefix_path')
[0.238s] INFO:colcon.colcon_core.plugin_system:Skipping extension 'colcon_core.shell.bat': Not used on non-Windows systems
[0.238s] INFO:colcon.colcon_core.shell:Creating environment hook '/home/rokey/rokey_ws/install/amr_yolo_detect/share/amr_yolo_detect/hook/ament_prefix_path.ps1'
[0.238s] INFO:colcon.colcon_core.shell:Creating environment descriptor '/home/rokey/rokey_ws/install/amr_yolo_detect/share/amr_yolo_detect/hook/ament_prefix_path.dsv'
[0.239s] INFO:colcon.colcon_core.shell:Creating environment hook '/home/rokey/rokey_ws/install/amr_yolo_detect/share/amr_yolo_detect/hook/ament_prefix_path.sh'
[0.239s] INFO:colcon.colcon_core.shell:Skip shell extension 'powershell' for command environment: Not usable outside of PowerShell
[0.239s] DEBUG:colcon.colcon_core.shell:Skip shell extension 'dsv' for command environment
[0.241s] INFO:colcon.colcon_ros.task.ament_python.build:Building ROS package in '/home/rokey/rokey_ws/src/data_preprocessing_pkg' with build type 'ament_python'
[0.241s] Level 1:colcon.colcon_core.shell:create_environment_hook('data_preprocessing_pkg', 'ament_prefix_path')
[0.241s] INFO:colcon.colcon_core.shell:Creating environment hook '/home/rokey/rokey_ws/install/data_preprocessing_pkg/share/data_preprocessing_pkg/hook/ament_prefix_path.ps1'
[0.242s] INFO:colcon.colcon_core.shell:Creating environment descriptor '/home/rokey/rokey_ws/install/data_preprocessing_pkg/share/data_preprocessing_pkg/hook/ament_prefix_path.dsv'
[0.242s] INFO:colcon.colcon_core.shell:Creating environment hook '/home/rokey/rokey_ws/install/data_preprocessing_pkg/share/data_preprocessing_pkg/hook/ament_prefix_path.sh'
[0.242s] INFO:colcon.colcon_core.shell:Skip shell extension 'powershell' for command environment: Not usable outside of PowerShell
[0.242s] DEBUG:colcon.colcon_core.shell:Skip shell extension 'dsv' for command environment
[0.244s] INFO:colcon.colcon_ros.task.ament_python.build:Building ROS package in '/home/rokey/rokey_ws/src/image_capture' with build type 'ament_python'
[0.244s] Level 1:colcon.colcon_core.shell:create_environment_hook('image_capture', 'ament_prefix_path')
[0.244s] INFO:colcon.colcon_core.shell:Creating environment hook '/home/rokey/rokey_ws/install/image_capture/share/image_capture/hook/ament_prefix_path.ps1'
[0.244s] INFO:colcon.colcon_core.shell:Creating environment descriptor '/home/rokey/rokey_ws/install/image_capture/share/image_capture/hook/ament_prefix_path.dsv'
[0.244s] INFO:colcon.colcon_core.shell:Creating environment hook '/home/rokey/rokey_ws/install/image_capture/share/image_capture/hook/ament_prefix_path.sh'
[0.245s] INFO:colcon.colcon_core.shell:Skip shell extension 'powershell' for command environment: Not usable outside of PowerShell
[0.245s] DEBUG:colcon.colcon_core.shell:Skip shell extension 'dsv' for command environment
[0.247s] INFO:colcon.colcon_ros.task.ament_python.build:Building ROS package in '/home/rokey/rokey_ws/src/img_data_pkg' with build type 'ament_python'
[0.247s] Level 1:colcon.colcon_core.shell:create_environment_hook('img_data_pkg', 'ament_prefix_path')
[0.247s] INFO:colcon.colcon_core.shell:Creating environment hook '/home/rokey/rokey_ws/install/img_data_pkg/share/img_data_pkg/hook/ament_prefix_path.ps1'
[0.247s] INFO:colcon.colcon_core.shell:Creating environment descriptor '/home/rokey/rokey_ws/install/img_data_pkg/share/img_data_pkg/hook/ament_prefix_path.dsv'
[0.247s] INFO:colcon.colcon_core.shell:Creating environment hook '/home/rokey/rokey_ws/install/img_data_pkg/share/img_data_pkg/hook/ament_prefix_path.sh'
[0.247s] INFO:colcon.colcon_core.shell:Skip shell extension 'powershell' for command environment: Not usable outside of PowerShell
[0.248s] DEBUG:colcon.colcon_core.shell:Skip shell extension 'dsv' for command environment
[0.249s] INFO:colcon.colcon_ros.task.ament_python.build:Building ROS package in '/home/rokey/rokey_ws/src/turtlebot4_beep' with build type 'ament_python'
[0.249s] Level 1:colcon.colcon_core.shell:create_environment_hook('turtlebot4_beep', 'ament_prefix_path')
[0.250s] INFO:colcon.colcon_core.shell:Creating environment hook '/home/rokey/rokey_ws/install/turtlebot4_beep/share/turtlebot4_beep/hook/ament_prefix_path.ps1'
[0.250s] INFO:colcon.colcon_core.shell:Creating environment descriptor '/home/rokey/rokey_ws/install/turtlebot4_beep/share/turtlebot4_beep/hook/ament_prefix_path.dsv'
[0.250s] INFO:colcon.colcon_core.shell:Creating environment hook '/home/rokey/rokey_ws/install/turtlebot4_beep/share/turtlebot4_beep/hook/ament_prefix_path.sh'
[0.250s] INFO:colcon.colcon_core.shell:Skip shell extension 'powershell' for command environment: Not usable outside of PowerShell
[0.250s] DEBUG:colcon.colcon_core.shell:Skip shell extension 'dsv' for command environment
[0.405s] INFO:colcon.colcon_core.task.python.build:Building Python package in '/home/rokey/rokey_ws/src/amr_yolo_detect'
[0.405s] INFO:colcon.colcon_core.shell:Skip shell extension 'powershell' for command environment: Not usable outside of PowerShell
[0.405s] DEBUG:colcon.colcon_core.shell:Skip shell extension 'dsv' for command environment
[0.559s] INFO:colcon.colcon_core.task.python.build:Building Python package in '/home/rokey/rokey_ws/src/data_preprocessing_pkg'
[0.559s] INFO:colcon.colcon_core.shell:Skip shell extension 'powershell' for command environment: Not usable outside of PowerShell
[0.559s] DEBUG:colcon.colcon_core.shell:Skip shell extension 'dsv' for command environment
[0.715s] INFO:colcon.colcon_core.task.python.build:Building Python package in '/home/rokey/rokey_ws/src/image_capture'
[0.716s] INFO:colcon.colcon_core.shell:Skip shell extension 'powershell' for command environment: Not usable outside of PowerShell
[0.716s] DEBUG:colcon.colcon_core.shell:Skip shell extension 'dsv' for command environment
[0.871s] INFO:colcon.colcon_core.task.python.build:Building Python package in '/home/rokey/rokey_ws/src/img_data_pkg'
[0.871s] INFO:colcon.colcon_core.shell:Skip shell extension 'powershell' for command environment: Not usable outside of PowerShell
[0.871s] DEBUG:colcon.colcon_core.shell:Skip shell extension 'dsv' for command environment
[1.029s] INFO:colcon.colcon_core.task.python.build:Building Python package in '/home/rokey/rokey_ws/src/turtlebot4_beep'
[1.029s] INFO:colcon.colcon_core.shell:Skip shell extension 'powershell' for command environment: Not usable outside of PowerShell
[1.029s] DEBUG:colcon.colcon_core.shell:Skip shell extension 'dsv' for command environment
[1.251s] DEBUG:colcon.colcon_core.event_handler.log_command:Invoking command in '/home/rokey/rokey_ws/src/amr_yolo_detect': PYTHONPATH=/home/rokey/rokey_ws/build/amr_yolo_detect/prefix_override:/usr/lib/python3/dist-packages/colcon_core/task/python/colcon_distutils_commands:/home/rokey/rokey_ws/install/amr_yolo_detect/lib/python3.10/site-packages:${PYTHONPATH} /usr/bin/python3 -W ignore:setup.py install is deprecated -W ignore:easy_install command is deprecated setup.py egg_info --egg-base ../../build/amr_yolo_detect build --build-base /home/rokey/rokey_ws/build/amr_yolo_detect/build install --record /home/rokey/rokey_ws/build/amr_yolo_detect/install.log --single-version-externally-managed install_data
[1.256s] DEBUG:colcon.colcon_core.event_handler.log_command:Invoking command in '/home/rokey/rokey_ws/src/image_capture': PYTHONPATH=/home/rokey/rokey_ws/build/image_capture/prefix_override:/usr/lib/python3/dist-packages/colcon_core/task/python/colcon_distutils_commands:/home/rokey/rokey_ws/install/image_capture/lib/python3.10/site-packages:${PYTHONPATH} /usr/bin/python3 -W ignore:setup.py install is deprecated -W ignore:easy_install command is deprecated setup.py egg_info --egg-base ../../build/image_capture build --build-base /home/rokey/rokey_ws/build/image_capture/build install --record /home/rokey/rokey_ws/build/image_capture/install.log --single-version-externally-managed install_data
[1.266s] DEBUG:colcon.colcon_core.event_handler.log_command:Invoking command in '/home/rokey/rokey_ws/src/img_data_pkg': PYTHONPATH=/home/rokey/rokey_ws/build/img_data_pkg/prefix_override:/usr/lib/python3/dist-packages/colcon_core/task/python/colcon_distutils_commands:/home/rokey/rokey_ws/install/img_data_pkg/lib/python3.10/site-packages:${PYTHONPATH} /usr/bin/python3 -W ignore:setup.py install is deprecated -W ignore:easy_install command is deprecated setup.py egg_info --egg-base ../../build/img_data_pkg build --build-base /home/rokey/rokey_ws/build/img_data_pkg/build install --record /home/rokey/rokey_ws/build/img_data_pkg/install.log --single-version-externally-managed install_data
[1.273s] DEBUG:colcon.colcon_core.event_handler.log_command:Invoking command in '/home/rokey/rokey_ws/src/data_preprocessing_pkg': PYTHONPATH=/home/rokey/rokey_ws/build/data_preprocessing_pkg/prefix_override:/usr/lib/python3/dist-packages/colcon_core/task/python/colcon_distutils_commands:/home/rokey/rokey_ws/install/data_preprocessing_pkg/lib/python3.10/site-packages:${PYTHONPATH} /usr/bin/python3 -W ignore:setup.py install is deprecated -W ignore:easy_install command is deprecated setup.py egg_info --egg-base ../../build/data_preprocessing_pkg build --build-base /home/rokey/rokey_ws/build/data_preprocessing_pkg/build install --record /home/rokey/rokey_ws/build/data_preprocessing_pkg/install.log --single-version-externally-managed install_data
[1.274s] DEBUG:colcon.colcon_core.event_handler.log_command:Invoking command in '/home/rokey/rokey_ws/src/turtlebot4_beep': PYTHONPATH=/home/rokey/rokey_ws/build/turtlebot4_beep/prefix_override:/usr/lib/python3/dist-packages/colcon_core/task/python/colcon_distutils_commands:/home/rokey/rokey_ws/install/turtlebot4_beep/lib/python3.10/site-packages:${PYTHONPATH} /usr/bin/python3 -W ignore:setup.py install is deprecated -W ignore:easy_install command is deprecated setup.py egg_info --egg-base ../../build/turtlebot4_beep build --build-base /home/rokey/rokey_ws/build/turtlebot4_beep/build install --record /home/rokey/rokey_ws/build/turtlebot4_beep/install.log --single-version-externally-managed install_data
[1.432s] DEBUG:colcon.colcon_core.event_handler.log_command:Invoked command in '/home/rokey/rokey_ws/src/amr_yolo_detect' returned '0': PYTHONPATH=/home/rokey/rokey_ws/build/amr_yolo_detect/prefix_override:/usr/lib/python3/dist-packages/colcon_core/task/python/colcon_distutils_commands:/home/rokey/rokey_ws/install/amr_yolo_detect/lib/python3.10/site-packages:${PYTHONPATH} /usr/bin/python3 -W ignore:setup.py install is deprecated -W ignore:easy_install command is deprecated setup.py egg_info --egg-base ../../build/amr_yolo_detect build --build-base /home/rokey/rokey_ws/build/amr_yolo_detect/build install --record /home/rokey/rokey_ws/build/amr_yolo_detect/install.log --single-version-externally-managed install_data
[1.434s] Level 1:colcon.colcon_core.environment:checking '/home/rokey/rokey_ws/install/amr_yolo_detect' for CMake module files
[1.435s] Level 1:colcon.colcon_core.environment:checking '/home/rokey/rokey_ws/install/amr_yolo_detect' for CMake config files
[1.436s] Level 1:colcon.colcon_core.environment:checking '/home/rokey/rokey_ws/install/amr_yolo_detect/lib'
[1.436s] Level 1:colcon.colcon_core.environment:checking '/home/rokey/rokey_ws/install/amr_yolo_detect/bin'
[1.436s] Level 1:colcon.colcon_core.environment:checking '/home/rokey/rokey_ws/install/amr_yolo_detect/lib/pkgconfig/amr_yolo_detect.pc'
[1.436s] Level 1:colcon.colcon_core.environment:checking '/home/rokey/rokey_ws/install/amr_yolo_detect/lib/python3.10/site-packages'
[1.436s] Level 1:colcon.colcon_core.shell:create_environment_hook('amr_yolo_detect', 'pythonpath')
[1.436s] INFO:colcon.colcon_core.shell:Creating environment hook '/home/rokey/rokey_ws/install/amr_yolo_detect/share/amr_yolo_detect/hook/pythonpath.ps1'
[1.437s] INFO:colcon.colcon_core.shell:Creating environment descriptor '/home/rokey/rokey_ws/install/amr_yolo_detect/share/amr_yolo_detect/hook/pythonpath.dsv'
[1.437s] INFO:colcon.colcon_core.shell:Creating environment hook '/home/rokey/rokey_ws/install/amr_yolo_detect/share/amr_yolo_detect/hook/pythonpath.sh'
[1.438s] Level 1:colcon.colcon_core.environment:checking '/home/rokey/rokey_ws/install/amr_yolo_detect/bin'
[1.438s] Level 1:colcon.colcon_core.environment:create_environment_scripts_only(amr_yolo_detect)
[1.438s] INFO:colcon.colcon_core.shell:Creating package script '/home/rokey/rokey_ws/install/amr_yolo_detect/share/amr_yolo_detect/package.ps1'
[1.439s] INFO:colcon.colcon_core.shell:Creating package descriptor '/home/rokey/rokey_ws/install/amr_yolo_detect/share/amr_yolo_detect/package.dsv'
[1.440s] INFO:colcon.colcon_core.shell:Creating package script '/home/rokey/rokey_ws/install/amr_yolo_detect/share/amr_yolo_detect/package.sh'
[1.440s] INFO:colcon.colcon_core.shell:Creating package script '/home/rokey/rokey_ws/install/amr_yolo_detect/share/amr_yolo_detect/package.bash'
[1.440s] INFO:colcon.colcon_core.shell:Creating package script '/home/rokey/rokey_ws/install/amr_yolo_detect/share/amr_yolo_detect/package.zsh'
[1.441s] Level 1:colcon.colcon_core.environment:create_file_with_runtime_dependencies(/home/rokey/rokey_ws/install/amr_yolo_detect/share/colcon-core/packages/amr_yolo_detect)
[1.442s] Level 1:colcon.colcon_core.environment:checking '/home/rokey/rokey_ws/install/image_capture' for CMake module files
[1.442s] DEBUG:colcon.colcon_core.event_handler.log_command:Invoked command in '/home/rokey/rokey_ws/src/image_capture' returned '0': PYTHONPATH=/home/rokey/rokey_ws/build/image_capture/prefix_override:/usr/lib/python3/dist-packages/colcon_core/task/python/colcon_distutils_commands:/home/rokey/rokey_ws/install/image_capture/lib/python3.10/site-packages:${PYTHONPATH} /usr/bin/python3 -W ignore:setup.py install is deprecated -W ignore:easy_install command is deprecated setup.py egg_info --egg-base ../../build/image_capture build --build-base /home/rokey/rokey_ws/build/image_capture/build install --record /home/rokey/rokey_ws/build/image_capture/install.log --single-version-externally-managed install_data
[1.443s] Level 1:colcon.colcon_core.environment:checking '/home/rokey/rokey_ws/install/image_capture' for CMake config files
[1.443s] Level 1:colcon.colcon_core.environment:checking '/home/rokey/rokey_ws/install/image_capture/lib'
[1.443s] Level 1:colcon.colcon_core.environment:checking '/home/rokey/rokey_ws/install/image_capture/bin'
[1.443s] Level 1:colcon.colcon_core.environment:checking '/home/rokey/rokey_ws/install/image_capture/lib/pkgconfig/image_capture.pc'
[1.444s] Level 1:colcon.colcon_core.environment:checking '/home/rokey/rokey_ws/install/image_capture/lib/python3.10/site-packages'
[1.444s] Level 1:colcon.colcon_core.shell:create_environment_hook('image_capture', 'pythonpath')
[1.444s] INFO:colcon.colcon_core.shell:Creating environment hook '/home/rokey/rokey_ws/install/image_capture/share/image_capture/hook/pythonpath.ps1'
[1.444s] INFO:colcon.colcon_core.shell:Creating environment descriptor '/home/rokey/rokey_ws/install/image_capture/share/image_capture/hook/pythonpath.dsv'
[1.445s] INFO:colcon.colcon_core.shell:Creating environment hook '/home/rokey/rokey_ws/install/image_capture/share/image_capture/hook/pythonpath.sh'
[1.446s] Level 1:colcon.colcon_core.environment:checking '/home/rokey/rokey_ws/install/image_capture/bin'
[1.446s] Level 1:colcon.colcon_core.environment:create_environment_scripts_only(image_capture)
[1.446s] INFO:colcon.colcon_core.shell:Creating package script '/home/rokey/rokey_ws/install/image_capture/share/image_capture/package.ps1'
[1.447s] INFO:colcon.colcon_core.shell:Creating package descriptor '/home/rokey/rokey_ws/install/image_capture/share/image_capture/package.dsv'
[1.447s] INFO:colcon.colcon_core.shell:Creating package script '/home/rokey/rokey_ws/install/image_capture/share/image_capture/package.sh'
[1.447s] INFO:colcon.colcon_core.shell:Creating package script '/home/rokey/rokey_ws/install/image_capture/share/image_capture/package.bash'
[1.448s] INFO:colcon.colcon_core.shell:Creating package script '/home/rokey/rokey_ws/install/image_capture/share/image_capture/package.zsh'
[1.448s] Level 1:colcon.colcon_core.environment:create_file_with_runtime_dependencies(/home/rokey/rokey_ws/install/image_capture/share/colcon-core/packages/image_capture)
[1.451s] Level 1:colcon.colcon_core.environment:checking '/home/rokey/rokey_ws/install/turtlebot4_beep' for CMake module files
[1.452s] DEBUG:colcon.colcon_core.event_handler.log_command:Invoked command in '/home/rokey/rokey_ws/src/turtlebot4_beep' returned '0': PYTHONPATH=/home/rokey/rokey_ws/build/turtlebot4_beep/prefix_override:/usr/lib/python3/dist-packages/colcon_core/task/python/colcon_distutils_commands:/home/rokey/rokey_ws/install/turtlebot4_beep/lib/python3.10/site-packages:${PYTHONPATH} /usr/bin/python3 -W ignore:setup.py install is deprecated -W ignore:easy_install command is deprecated setup.py egg_info --egg-base ../../build/turtlebot4_beep build --build-base /home/rokey/rokey_ws/build/turtlebot4_beep/build install --record /home/rokey/rokey_ws/build/turtlebot4_beep/install.log --single-version-externally-managed install_data
[1.452s] Level 1:colcon.colcon_core.environment:checking '/home/rokey/rokey_ws/install/turtlebot4_beep' for CMake config files
[1.452s] Level 1:colcon.colcon_core.environment:checking '/home/rokey/rokey_ws/install/turtlebot4_beep/lib'
[1.452s] Level 1:colcon.colcon_core.environment:checking '/home/rokey/rokey_ws/install/turtlebot4_beep/bin'
[1.452s] Level 1:colcon.colcon_core.environment:checking '/home/rokey/rokey_ws/install/turtlebot4_beep/lib/pkgconfig/turtlebot4_beep.pc'
[1.453s] Level 1:colcon.colcon_core.environment:checking '/home/rokey/rokey_ws/install/turtlebot4_beep/lib/python3.10/site-packages'
[1.453s] Level 1:colcon.colcon_core.shell:create_environment_hook('turtlebot4_beep', 'pythonpath')
[1.453s] INFO:colcon.colcon_core.shell:Creating environment hook '/home/rokey/rokey_ws/install/turtlebot4_beep/share/turtlebot4_beep/hook/pythonpath.ps1'
[1.453s] INFO:colcon.colcon_core.shell:Creating environment descriptor '/home/rokey/rokey_ws/install/turtlebot4_beep/share/turtlebot4_beep/hook/pythonpath.dsv'
[1.453s] INFO:colcon.colcon_core.shell:Creating environment hook '/home/rokey/rokey_ws/install/turtlebot4_beep/share/turtlebot4_beep/hook/pythonpath.sh'
[1.454s] Level 1:colcon.colcon_core.environment:checking '/home/rokey/rokey_ws/install/turtlebot4_beep/bin'
[1.454s] Level 1:colcon.colcon_core.environment:create_environment_scripts_only(turtlebot4_beep)
[1.454s] INFO:colcon.colcon_core.shell:Creating package script '/home/rokey/rokey_ws/install/turtlebot4_beep/share/turtlebot4_beep/package.ps1'
[1.454s] INFO:colcon.colcon_core.shell:Creating package descriptor '/home/rokey/rokey_ws/install/turtlebot4_beep/share/turtlebot4_beep/package.dsv'
[1.454s] INFO:colcon.colcon_core.shell:Creating package script '/home/rokey/rokey_ws/install/turtlebot4_beep/share/turtlebot4_beep/package.sh'
[1.455s] INFO:colcon.colcon_core.shell:Creating package script '/home/rokey/rokey_ws/install/turtlebot4_beep/share/turtlebot4_beep/package.bash'
[1.455s] INFO:colcon.colcon_core.shell:Creating package script '/home/rokey/rokey_ws/install/turtlebot4_beep/share/turtlebot4_beep/package.zsh'
[1.455s] Level 1:colcon.colcon_core.environment:create_file_with_runtime_dependencies(/home/rokey/rokey_ws/install/turtlebot4_beep/share/colcon-core/packages/turtlebot4_beep)
[1.456s] Level 1:colcon.colcon_core.environment:checking '/home/rokey/rokey_ws/install/img_data_pkg' for CMake module files
[1.456s] DEBUG:colcon.colcon_core.event_handler.log_command:Invoked command in '/home/rokey/rokey_ws/src/img_data_pkg' returned '0': PYTHONPATH=/home/rokey/rokey_ws/build/img_data_pkg/prefix_override:/usr/lib/python3/dist-packages/colcon_core/task/python/colcon_distutils_commands:/home/rokey/rokey_ws/install/img_data_pkg/lib/python3.10/site-packages:${PYTHONPATH} /usr/bin/python3 -W ignore:setup.py install is deprecated -W ignore:easy_install command is deprecated setup.py egg_info --egg-base ../../build/img_data_pkg build --build-base /home/rokey/rokey_ws/build/img_data_pkg/build install --record /home/rokey/rokey_ws/build/img_data_pkg/install.log --single-version-externally-managed install_data
[1.456s] Level 1:colcon.colcon_core.environment:checking '/home/rokey/rokey_ws/install/img_data_pkg' for CMake config files
[1.457s] Level 1:colcon.colcon_core.environment:checking '/home/rokey/rokey_ws/install/img_data_pkg/lib'
[1.457s] Level 1:colcon.colcon_core.environment:checking '/home/rokey/rokey_ws/install/img_data_pkg/bin'
[1.457s] Level 1:colcon.colcon_core.environment:checking '/home/rokey/rokey_ws/install/img_data_pkg/lib/pkgconfig/img_data_pkg.pc'
[1.457s] Level 1:colcon.colcon_core.environment:checking '/home/rokey/rokey_ws/install/img_data_pkg/lib/python3.10/site-packages'
[1.457s] Level 1:colcon.colcon_core.shell:create_environment_hook('img_data_pkg', 'pythonpath')
[1.457s] INFO:colcon.colcon_core.shell:Creating environment hook '/home/rokey/rokey_ws/install/img_data_pkg/share/img_data_pkg/hook/pythonpath.ps1'
[1.457s] INFO:colcon.colcon_core.shell:Creating environment descriptor '/home/rokey/rokey_ws/install/img_data_pkg/share/img_data_pkg/hook/pythonpath.dsv'
[1.457s] INFO:colcon.colcon_core.shell:Creating environment hook '/home/rokey/rokey_ws/install/img_data_pkg/share/img_data_pkg/hook/pythonpath.sh'
[1.458s] Level 1:colcon.colcon_core.environment:checking '/home/rokey/rokey_ws/install/img_data_pkg/bin'
[1.458s] Level 1:colcon.colcon_core.environment:create_environment_scripts_only(img_data_pkg)
[1.458s] INFO:colcon.colcon_core.shell:Creating package script '/home/rokey/rokey_ws/install/img_data_pkg/share/img_data_pkg/package.ps1'
[1.458s] INFO:colcon.colcon_core.shell:Creating package descriptor '/home/rokey/rokey_ws/install/img_data_pkg/share/img_data_pkg/package.dsv'
[1.459s] INFO:colcon.colcon_core.shell:Creating package script '/home/rokey/rokey_ws/install/img_data_pkg/share/img_data_pkg/package.sh'
[1.459s] INFO:colcon.colcon_core.shell:Creating package script '/home/rokey/rokey_ws/install/img_data_pkg/share/img_data_pkg/package.bash'
[1.459s] INFO:colcon.colcon_core.shell:Creating package script '/home/rokey/rokey_ws/install/img_data_pkg/share/img_data_pkg/package.zsh'
[1.459s] Level 1:colcon.colcon_core.environment:create_file_with_runtime_dependencies(/home/rokey/rokey_ws/install/img_data_pkg/share/colcon-core/packages/img_data_pkg)
[1.460s] Level 1:colcon.colcon_core.environment:checking '/home/rokey/rokey_ws/install/data_preprocessing_pkg' for CMake module files
[1.460s] DEBUG:colcon.colcon_core.event_handler.log_command:Invoked command in '/home/rokey/rokey_ws/src/data_preprocessing_pkg' returned '0': PYTHONPATH=/home/rokey/rokey_ws/build/data_preprocessing_pkg/prefix_override:/usr/lib/python3/dist-packages/colcon_core/task/python/colcon_distutils_commands:/home/rokey/rokey_ws/install/data_preprocessing_pkg/lib/python3.10/site-packages:${PYTHONPATH} /usr/bin/python3 -W ignore:setup.py install is deprecated -W ignore:easy_install command is deprecated setup.py egg_info --egg-base ../../build/data_preprocessing_pkg build --build-base /home/rokey/rokey_ws/build/data_preprocessing_pkg/build install --record /home/rokey/rokey_ws/build/data_preprocessing_pkg/install.log --single-version-externally-managed install_data
[1.461s] Level 1:colcon.colcon_core.environment:checking '/home/rokey/rokey_ws/install/data_preprocessing_pkg' for CMake config files
[1.461s] Level 1:colcon.colcon_core.environment:checking '/home/rokey/rokey_ws/install/data_preprocessing_pkg/lib'
[1.461s] Level 1:colcon.colcon_core.environment:checking '/home/rokey/rokey_ws/install/data_preprocessing_pkg/bin'
[1.461s] Level 1:colcon.colcon_core.environment:checking '/home/rokey/rokey_ws/install/data_preprocessing_pkg/lib/pkgconfig/data_preprocessing_pkg.pc'
[1.461s] Level 1:colcon.colcon_core.environment:checking '/home/rokey/rokey_ws/install/data_preprocessing_pkg/lib/python3.10/site-packages'
[1.462s] Level 1:colcon.colcon_core.shell:create_environment_hook('data_preprocessing_pkg', 'pythonpath')
[1.462s] INFO:colcon.colcon_core.shell:Creating environment hook '/home/rokey/rokey_ws/install/data_preprocessing_pkg/share/data_preprocessing_pkg/hook/pythonpath.ps1'
[1.462s] INFO:colcon.colcon_core.shell:Creating environment descriptor '/home/rokey/rokey_ws/install/data_preprocessing_pkg/share/data_preprocessing_pkg/hook/pythonpath.dsv'
[1.462s] INFO:colcon.colcon_core.shell:Creating environment hook '/home/rokey/rokey_ws/install/data_preprocessing_pkg/share/data_preprocessing_pkg/hook/pythonpath.sh'
[1.463s] Level 1:colcon.colcon_core.environment:checking '/home/rokey/rokey_ws/install/data_preprocessing_pkg/bin'
[1.463s] Level 1:colcon.colcon_core.environment:create_environment_scripts_only(data_preprocessing_pkg)
[1.463s] INFO:colcon.colcon_core.shell:Creating package script '/home/rokey/rokey_ws/install/data_preprocessing_pkg/share/data_preprocessing_pkg/package.ps1'
[1.464s] INFO:colcon.colcon_core.shell:Creating package descriptor '/home/rokey/rokey_ws/install/data_preprocessing_pkg/share/data_preprocessing_pkg/package.dsv'
[1.464s] INFO:colcon.colcon_core.shell:Creating package script '/home/rokey/rokey_ws/install/data_preprocessing_pkg/share/data_preprocessing_pkg/package.sh'
[1.465s] INFO:colcon.colcon_core.shell:Creating package script '/home/rokey/rokey_ws/install/data_preprocessing_pkg/share/data_preprocessing_pkg/package.bash'
[1.465s] INFO:colcon.colcon_core.shell:Creating package script '/home/rokey/rokey_ws/install/data_preprocessing_pkg/share/data_preprocessing_pkg/package.zsh'
[1.465s] Level 1:colcon.colcon_core.environment:create_file_with_runtime_dependencies(/home/rokey/rokey_ws/install/data_preprocessing_pkg/share/colcon-core/packages/data_preprocessing_pkg)
[1.465s] DEBUG:colcon.colcon_parallel_executor.executor.parallel:closing loop
[1.465s] DEBUG:colcon.colcon_parallel_executor.executor.parallel:loop closed
[1.465s] DEBUG:colcon.colcon_parallel_executor.executor.parallel:run_until_complete finished with '0'
[1.465s] DEBUG:colcon.colcon_core.event_reactor:joining thread
[1.469s] INFO:colcon.colcon_core.plugin_system:Skipping extension 'colcon_notification.desktop_notification.terminal_notifier': Not used on non-Darwin systems
[1.469s] INFO:colcon.colcon_core.plugin_system:Skipping extension 'colcon_notification.desktop_notification.win32': Not used on non-Windows systems
[1.469s] INFO:colcon.colcon_notification.desktop_notification:Sending desktop notification using 'notify2'
[1.477s] DEBUG:colcon.colcon_core.event_reactor:joined thread
[1.477s] INFO:colcon.colcon_core.shell:Creating prefix script '/home/rokey/rokey_ws/install/local_setup.ps1'
[1.478s] INFO:colcon.colcon_core.shell:Creating prefix util module '/home/rokey/rokey_ws/install/_local_setup_util_ps1.py'
[1.478s] INFO:colcon.colcon_core.shell:Creating prefix chain script '/home/rokey/rokey_ws/install/setup.ps1'
[1.479s] INFO:colcon.colcon_core.shell:Creating prefix script '/home/rokey/rokey_ws/install/local_setup.sh'
[1.479s] INFO:colcon.colcon_core.shell:Creating prefix util module '/home/rokey/rokey_ws/install/_local_setup_util_sh.py'
[1.480s] INFO:colcon.colcon_core.shell:Creating prefix chain script '/home/rokey/rokey_ws/install/setup.sh'
[1.480s] INFO:colcon.colcon_core.shell:Creating prefix script '/home/rokey/rokey_ws/install/local_setup.bash'
[1.481s] INFO:colcon.colcon_core.shell:Creating prefix chain script '/home/rokey/rokey_ws/install/setup.bash'
[1.481s] INFO:colcon.colcon_core.shell:Creating prefix script '/home/rokey/rokey_ws/install/local_setup.zsh'
[1.481s] INFO:colcon.colcon_core.shell:Creating prefix chain script '/home/rokey/rokey_ws/install/setup.zsh'
