running egg_info
creating ../../build/image_capture/image_capture.egg-info
writing ../../build/image_capture/image_capture.egg-info/PKG-INFO
writing dependency_links to ../../build/image_capture/image_capture.egg-info/dependency_links.txt
writing entry points to ../../build/image_capture/image_capture.egg-info/entry_points.txt
writing requirements to ../../build/image_capture/image_capture.egg-info/requires.txt
writing top-level names to ../../build/image_capture/image_capture.egg-info/top_level.txt
writing manifest file '../../build/image_capture/image_capture.egg-info/SOURCES.txt'
reading manifest file '../../build/image_capture/image_capture.egg-info/SOURCES.txt'
writing manifest file '../../build/image_capture/image_capture.egg-info/SOURCES.txt'
running build
running build_py
creating /home/rokey/rokey_ws/build/image_capture/build
creating /home/rokey/rokey_ws/build/image_capture/build/lib
creating /home/rokey/rokey_ws/build/image_capture/build/lib/image_capture
copying image_capture/2_1_d_capture_image.py -> /home/rokey/rokey_ws/build/image_capture/build/lib/image_capture
copying image_capture/__init__.py -> /home/rokey/rokey_ws/build/image_capture/build/lib/image_capture
running install
running install_lib
creating /home/rokey/rokey_ws/install/image_capture/lib/python3.10/site-packages/image_capture
copying /home/rokey/rokey_ws/build/image_capture/build/lib/image_capture/2_1_d_capture_image.py -> /home/rokey/rokey_ws/install/image_capture/lib/python3.10/site-packages/image_capture
copying /home/rokey/rokey_ws/build/image_capture/build/lib/image_capture/__init__.py -> /home/rokey/rokey_ws/install/image_capture/lib/python3.10/site-packages/image_capture
byte-compiling /home/rokey/rokey_ws/install/image_capture/lib/python3.10/site-packages/image_capture/2_1_d_capture_image.py to 2_1_d_capture_image.cpython-310.pyc
byte-compiling /home/rokey/rokey_ws/install/image_capture/lib/python3.10/site-packages/image_capture/__init__.py to __init__.cpython-310.pyc
running install_data
creating /home/rokey/rokey_ws/install/image_capture/share/ament_index
creating /home/rokey/rokey_ws/install/image_capture/share/ament_index/resource_index
creating /home/rokey/rokey_ws/install/image_capture/share/ament_index/resource_index/packages
copying resource/image_capture -> /home/rokey/rokey_ws/install/image_capture/share/ament_index/resource_index/packages
copying package.xml -> /home/rokey/rokey_ws/install/image_capture/share/image_capture
running install_egg_info
Copying ../../build/image_capture/image_capture.egg-info to /home/rokey/rokey_ws/install/image_capture/lib/python3.10/site-packages/image_capture-0.0.0-py3.10.egg-info
running install_scripts
Installing image_capture_node script to /home/rokey/rokey_ws/install/image_capture/lib/image_capture
writing list of installed files to '/home/rokey/rokey_ws/build/image_capture/install.log'
