[0.387s] Invoking command in '/home/rokey/rokey_ws/src/image_capture': PYTHONPATH=/home/rokey/rokey_ws/build/image_capture/prefix_override:/usr/lib/python3/dist-packages/colcon_core/task/python/colcon_distutils_commands:/home/rokey/rokey_ws/install/image_capture/lib/python3.10/site-packages:${PYTHONPATH} /usr/bin/python3 -W ignore:setup.py install is deprecated -W ignore:easy_install command is deprecated setup.py egg_info --egg-base ../../build/image_capture build --build-base /home/rokey/rokey_ws/build/image_capture/build install --record /home/rokey/rokey_ws/build/image_capture/install.log --single-version-externally-managed install_data
[0.535s] running egg_info
[0.535s] creating ../../build/image_capture/image_capture.egg-info
[0.535s] writing ../../build/image_capture/image_capture.egg-info/PKG-INFO
[0.535s] writing dependency_links to ../../build/image_capture/image_capture.egg-info/dependency_links.txt
[0.535s] writing entry points to ../../build/image_capture/image_capture.egg-info/entry_points.txt
[0.535s] writing requirements to ../../build/image_capture/image_capture.egg-info/requires.txt
[0.536s] writing top-level names to ../../build/image_capture/image_capture.egg-info/top_level.txt
[0.536s] writing manifest file '../../build/image_capture/image_capture.egg-info/SOURCES.txt'
[0.536s] reading manifest file '../../build/image_capture/image_capture.egg-info/SOURCES.txt'
[0.537s] writing manifest file '../../build/image_capture/image_capture.egg-info/SOURCES.txt'
[0.537s] running build
[0.537s] running build_py
[0.537s] creating /home/rokey/rokey_ws/build/image_capture/build
[0.537s] creating /home/rokey/rokey_ws/build/image_capture/build/lib
[0.537s] creating /home/rokey/rokey_ws/build/image_capture/build/lib/image_capture
[0.537s] copying image_capture/2_1_d_capture_image.py -> /home/rokey/rokey_ws/build/image_capture/build/lib/image_capture
[0.537s] copying image_capture/__init__.py -> /home/rokey/rokey_ws/build/image_capture/build/lib/image_capture
[0.537s] running install
[0.537s] running install_lib
[0.538s] creating /home/rokey/rokey_ws/install/image_capture/lib/python3.10/site-packages/image_capture
[0.538s] copying /home/rokey/rokey_ws/build/image_capture/build/lib/image_capture/2_1_d_capture_image.py -> /home/rokey/rokey_ws/install/image_capture/lib/python3.10/site-packages/image_capture
[0.538s] copying /home/rokey/rokey_ws/build/image_capture/build/lib/image_capture/__init__.py -> /home/rokey/rokey_ws/install/image_capture/lib/python3.10/site-packages/image_capture
[0.538s] byte-compiling /home/rokey/rokey_ws/install/image_capture/lib/python3.10/site-packages/image_capture/2_1_d_capture_image.py to 2_1_d_capture_image.cpython-310.pyc
[0.538s] byte-compiling /home/rokey/rokey_ws/install/image_capture/lib/python3.10/site-packages/image_capture/__init__.py to __init__.cpython-310.pyc
[0.539s] running install_data
[0.539s] creating /home/rokey/rokey_ws/install/image_capture/share/ament_index
[0.539s] creating /home/rokey/rokey_ws/install/image_capture/share/ament_index/resource_index
[0.539s] creating /home/rokey/rokey_ws/install/image_capture/share/ament_index/resource_index/packages
[0.539s] copying resource/image_capture -> /home/rokey/rokey_ws/install/image_capture/share/ament_index/resource_index/packages
[0.539s] copying package.xml -> /home/rokey/rokey_ws/install/image_capture/share/image_capture
[0.539s] running install_egg_info
[0.540s] Copying ../../build/image_capture/image_capture.egg-info to /home/rokey/rokey_ws/install/image_capture/lib/python3.10/site-packages/image_capture-0.0.0-py3.10.egg-info
[0.540s] running install_scripts
[0.553s] Installing image_capture_node script to /home/rokey/rokey_ws/install/image_capture/lib/image_capture
[0.553s] writing list of installed files to '/home/rokey/rokey_ws/build/image_capture/install.log'
[0.567s] Invoked command in '/home/rokey/rokey_ws/src/image_capture' returned '0': PYTHONPATH=/home/rokey/rokey_ws/build/image_capture/prefix_override:/usr/lib/python3/dist-packages/colcon_core/task/python/colcon_distutils_commands:/home/rokey/rokey_ws/install/image_capture/lib/python3.10/site-packages:${PYTHONPATH} /usr/bin/python3 -W ignore:setup.py install is deprecated -W ignore:easy_install command is deprecated setup.py egg_info --egg-base ../../build/image_capture build --build-base /home/rokey/rokey_ws/build/image_capture/build install --record /home/rokey/rokey_ws/build/image_capture/install.log --single-version-externally-managed install_data
