running egg_info
writing ../../build/data_preprocessing_pkg/data_preprocessing_pkg.egg-info/PKG-INFO
writing dependency_links to ../../build/data_preprocessing_pkg/data_preprocessing_pkg.egg-info/dependency_links.txt
writing entry points to ../../build/data_preprocessing_pkg/data_preprocessing_pkg.egg-info/entry_points.txt
writing requirements to ../../build/data_preprocessing_pkg/data_preprocessing_pkg.egg-info/requires.txt
writing top-level names to ../../build/data_preprocessing_pkg/data_preprocessing_pkg.egg-info/top_level.txt
reading manifest file '../../build/data_preprocessing_pkg/data_preprocessing_pkg.egg-info/SOURCES.txt'
writing manifest file '../../build/data_preprocessing_pkg/data_preprocessing_pkg.egg-info/SOURCES.txt'
running build
running build_py
copying data_preprocessing_pkg/move_labels.py -> /home/rokey/rokey_ws/build/data_preprocessing_pkg/build/lib/data_preprocessing_pkg
running install
running install_lib
copying /home/rokey/rokey_ws/build/data_preprocessing_pkg/build/lib/data_preprocessing_pkg/move_labels.py -> /home/rokey/rokey_ws/install/data_preprocessing_pkg/lib/python3.10/site-packages/data_preprocessing_pkg
byte-compiling /home/rokey/rokey_ws/install/data_preprocessing_pkg/lib/python3.10/site-packages/data_preprocessing_pkg/move_labels.py to move_labels.cpython-310.pyc
running install_data
running install_egg_info
removing '/home/rokey/rokey_ws/install/data_preprocessing_pkg/lib/python3.10/site-packages/data_preprocessing_pkg-0.0.0-py3.10.egg-info' (and everything under it)
Copying ../../build/data_preprocessing_pkg/data_preprocessing_pkg.egg-info to /home/rokey/rokey_ws/install/data_preprocessing_pkg/lib/python3.10/site-packages/data_preprocessing_pkg-0.0.0-py3.10.egg-info
running install_scripts
Installing create_data_dirs script to /home/rokey/rokey_ws/install/data_preprocessing_pkg/lib/data_preprocessing_pkg
Installing move_image script to /home/rokey/rokey_ws/install/data_preprocessing_pkg/lib/data_preprocessing_pkg
Installing move_labels script to /home/rokey/rokey_ws/install/data_preprocessing_pkg/lib/data_preprocessing_pkg
writing list of installed files to '/home/rokey/rokey_ws/build/data_preprocessing_pkg/install.log'
