/home/rokey/rokey_ws/install/img_data_pkg/lib/python3.10/site-packages/img_data_pkg/2_0_d_data_subscriber.py
/home/rokey/rokey_ws/install/img_data_pkg/lib/python3.10/site-packages/img_data_pkg/2_0_a_image_publisher.py
/home/rokey/rokey_ws/install/img_data_pkg/lib/python3.10/site-packages/img_data_pkg/2_0_c_data_publisher.py
/home/rokey/rokey_ws/install/img_data_pkg/lib/python3.10/site-packages/img_data_pkg/2_0_b_image_subscriber.py
/home/rokey/rokey_ws/install/img_data_pkg/lib/python3.10/site-packages/img_data_pkg/__init__.py
/home/rokey/rokey_ws/install/img_data_pkg/lib/python3.10/site-packages/img_data_pkg/capture_photo.py
/home/rokey/rokey_ws/install/img_data_pkg/lib/python3.10/site-packages/img_data_pkg/__pycache__/2_0_d_data_subscriber.cpython-310.pyc
/home/rokey/rokey_ws/install/img_data_pkg/lib/python3.10/site-packages/img_data_pkg/__pycache__/2_0_a_image_publisher.cpython-310.pyc
/home/rokey/rokey_ws/install/img_data_pkg/lib/python3.10/site-packages/img_data_pkg/__pycache__/2_0_c_data_publisher.cpython-310.pyc
/home/rokey/rokey_ws/install/img_data_pkg/lib/python3.10/site-packages/img_data_pkg/__pycache__/2_0_b_image_subscriber.cpython-310.pyc
/home/rokey/rokey_ws/install/img_data_pkg/lib/python3.10/site-packages/img_data_pkg/__pycache__/__init__.cpython-310.pyc
/home/rokey/rokey_ws/install/img_data_pkg/lib/python3.10/site-packages/img_data_pkg/__pycache__/capture_photo.cpython-310.pyc
/home/rokey/rokey_ws/install/img_data_pkg/share/ament_index/resource_index/packages/img_data_pkg
/home/rokey/rokey_ws/install/img_data_pkg/share/img_data_pkg/package.xml
/home/rokey/rokey_ws/install/img_data_pkg/share/img_data_pkg/images/sample.jpg
/home/rokey/rokey_ws/install/img_data_pkg/lib/python3.10/site-packages/img_data_pkg-0.0.0-py3.10.egg-info/top_level.txt
/home/rokey/rokey_ws/install/img_data_pkg/lib/python3.10/site-packages/img_data_pkg-0.0.0-py3.10.egg-info/zip-safe
/home/rokey/rokey_ws/install/img_data_pkg/lib/python3.10/site-packages/img_data_pkg-0.0.0-py3.10.egg-info/PKG-INFO
/home/rokey/rokey_ws/install/img_data_pkg/lib/python3.10/site-packages/img_data_pkg-0.0.0-py3.10.egg-info/dependency_links.txt
/home/rokey/rokey_ws/install/img_data_pkg/lib/python3.10/site-packages/img_data_pkg-0.0.0-py3.10.egg-info/SOURCES.txt
/home/rokey/rokey_ws/install/img_data_pkg/lib/python3.10/site-packages/img_data_pkg-0.0.0-py3.10.egg-info/entry_points.txt
/home/rokey/rokey_ws/install/img_data_pkg/lib/python3.10/site-packages/img_data_pkg-0.0.0-py3.10.egg-info/requires.txt
/home/rokey/rokey_ws/install/img_data_pkg/lib/img_data_pkg/data_publisher
/home/rokey/rokey_ws/install/img_data_pkg/lib/img_data_pkg/data_subscriber
/home/rokey/rokey_ws/install/img_data_pkg/lib/img_data_pkg/image_publisher
/home/rokey/rokey_ws/install/img_data_pkg/lib/img_data_pkg/image_subscriber
