running egg_info
writing ../../build/image_capture/image_capture.egg-info/PKG-INFO
writing dependency_links to ../../build/image_capture/image_capture.egg-info/dependency_links.txt
writing entry points to ../../build/image_capture/image_capture.egg-info/entry_points.txt
writing requirements to ../../build/image_capture/image_capture.egg-info/requires.txt
writing top-level names to ../../build/image_capture/image_capture.egg-info/top_level.txt
reading manifest file '../../build/image_capture/image_capture.egg-info/SOURCES.txt'
writing manifest file '../../build/image_capture/image_capture.egg-info/SOURCES.txt'
running build
running build_py
copying image_capture/2_1_d_capture_image.py -> /home/rokey/rokey_ws/build/image_capture/build/lib/image_capture
running install
running install_lib
copying /home/rokey/rokey_ws/build/image_capture/build/lib/image_capture/2_1_d_capture_image.py -> /home/rokey/rokey_ws/install/image_capture/lib/python3.10/site-packages/image_capture
byte-compiling /home/rokey/rokey_ws/install/image_capture/lib/python3.10/site-packages/image_capture/2_1_d_capture_image.py to 2_1_d_capture_image.cpython-310.pyc
running install_data
running install_egg_info
removing '/home/rokey/rokey_ws/install/image_capture/lib/python3.10/site-packages/image_capture-0.0.0-py3.10.egg-info' (and everything under it)
Copying ../../build/image_capture/image_capture.egg-info to /home/rokey/rokey_ws/install/image_capture/lib/python3.10/site-packages/image_capture-0.0.0-py3.10.egg-info
running install_scripts
Installing image_capture_node script to /home/rokey/rokey_ws/install/image_capture/lib/image_capture
writing list of installed files to '/home/rokey/rokey_ws/build/image_capture/install.log'
