[1.093s] Invoking command in '/home/rokey/rokey_ws/src/image_capture': PYTHONPATH=/home/rokey/rokey_ws/build/image_capture/prefix_override:/usr/lib/python3/dist-packages/colcon_core/task/python/colcon_distutils_commands:/home/rokey/rokey_ws/install/image_capture/lib/python3.10/site-packages:${PYTHONPATH} /usr/bin/python3 -W ignore:setup.py install is deprecated -W ignore:easy_install command is deprecated setup.py egg_info --egg-base ../../build/image_capture build --build-base /home/rokey/rokey_ws/build/image_capture/build install --record /home/rokey/rokey_ws/build/image_capture/install.log --single-version-externally-managed install_data
[1.244s] running egg_info
[1.244s] writing ../../build/image_capture/image_capture.egg-info/PKG-INFO
[1.248s] writing dependency_links to ../../build/image_capture/image_capture.egg-info/dependency_links.txt
[1.248s] writing entry points to ../../build/image_capture/image_capture.egg-info/entry_points.txt
[1.248s] writing requirements to ../../build/image_capture/image_capture.egg-info/requires.txt
[1.248s] writing top-level names to ../../build/image_capture/image_capture.egg-info/top_level.txt
[1.249s] reading manifest file '../../build/image_capture/image_capture.egg-info/SOURCES.txt'
[1.252s] writing manifest file '../../build/image_capture/image_capture.egg-info/SOURCES.txt'
[1.253s] running build
[1.253s] running build_py
[1.253s] copying image_capture/2_1_d_capture_image.py -> /home/rokey/rokey_ws/build/image_capture/build/lib/image_capture
[1.253s] running install
[1.254s] running install_lib
[1.254s] copying /home/rokey/rokey_ws/build/image_capture/build/lib/image_capture/2_1_d_capture_image.py -> /home/rokey/rokey_ws/install/image_capture/lib/python3.10/site-packages/image_capture
[1.255s] byte-compiling /home/rokey/rokey_ws/install/image_capture/lib/python3.10/site-packages/image_capture/2_1_d_capture_image.py to 2_1_d_capture_image.cpython-310.pyc
[1.256s] running install_data
[1.256s] running install_egg_info
[1.258s] removing '/home/rokey/rokey_ws/install/image_capture/lib/python3.10/site-packages/image_capture-0.0.0-py3.10.egg-info' (and everything under it)
[1.258s] Copying ../../build/image_capture/image_capture.egg-info to /home/rokey/rokey_ws/install/image_capture/lib/python3.10/site-packages/image_capture-0.0.0-py3.10.egg-info
[1.259s] running install_scripts
[1.279s] Installing image_capture_node script to /home/rokey/rokey_ws/install/image_capture/lib/image_capture
[1.279s] writing list of installed files to '/home/rokey/rokey_ws/build/image_capture/install.log'
[1.300s] Invoked command in '/home/rokey/rokey_ws/src/image_capture' returned '0': PYTHONPATH=/home/rokey/rokey_ws/build/image_capture/prefix_override:/usr/lib/python3/dist-packages/colcon_core/task/python/colcon_distutils_commands:/home/rokey/rokey_ws/install/image_capture/lib/python3.10/site-packages:${PYTHONPATH} /usr/bin/python3 -W ignore:setup.py install is deprecated -W ignore:easy_install command is deprecated setup.py egg_info --egg-base ../../build/image_capture build --build-base /home/rokey/rokey_ws/build/image_capture/build install --record /home/rokey/rokey_ws/build/image_capture/install.log --single-version-externally-managed install_data
