[1.190s] Invoking command in '/home/rokey/rokey_ws/src/amr_yolo_detect': PYTHONPATH=/home/rokey/rokey_ws/build/amr_yolo_detect/prefix_override:/usr/lib/python3/dist-packages/colcon_core/task/python/colcon_distutils_commands:/home/rokey/rokey_ws/install/amr_yolo_detect/lib/python3.10/site-packages:${PYTHONPATH} /usr/bin/python3 -W ignore:setup.py install is deprecated -W ignore:easy_install command is deprecated setup.py egg_info --egg-base ../../build/amr_yolo_detect build --build-base /home/rokey/rokey_ws/build/amr_yolo_detect/build install --record /home/rokey/rokey_ws/build/amr_yolo_detect/install.log --single-version-externally-managed install_data
[1.329s] running egg_info
[1.329s] writing ../../build/amr_yolo_detect/amr_yolo_detect.egg-info/PKG-INFO
[1.330s] writing dependency_links to ../../build/amr_yolo_detect/amr_yolo_detect.egg-info/dependency_links.txt
[1.330s] writing entry points to ../../build/amr_yolo_detect/amr_yolo_detect.egg-info/entry_points.txt
[1.331s] writing requirements to ../../build/amr_yolo_detect/amr_yolo_detect.egg-info/requires.txt
[1.331s] writing top-level names to ../../build/amr_yolo_detect/amr_yolo_detect.egg-info/top_level.txt
[1.332s] reading manifest file '../../build/amr_yolo_detect/amr_yolo_detect.egg-info/SOURCES.txt'
[1.332s] writing manifest file '../../build/amr_yolo_detect/amr_yolo_detect.egg-info/SOURCES.txt'
[1.332s] running build
[1.332s] running build_py
[1.333s] running install
[1.333s] running install_lib
[1.334s] running install_data
[1.334s] running install_egg_info
[1.334s] removing '/home/rokey/rokey_ws/install/amr_yolo_detect/lib/python3.10/site-packages/amr_yolo_detect-0.0.0-py3.10.egg-info' (and everything under it)
[1.334s] Copying ../../build/amr_yolo_detect/amr_yolo_detect.egg-info to /home/rokey/rokey_ws/install/amr_yolo_detect/lib/python3.10/site-packages/amr_yolo_detect-0.0.0-py3.10.egg-info
[1.335s] running install_scripts
[1.347s] Installing yolo_publisher_amr script to /home/rokey/rokey_ws/install/amr_yolo_detect/lib/amr_yolo_detect
[1.347s] Installing yolo_subscriber_amr script to /home/rokey/rokey_ws/install/amr_yolo_detect/lib/amr_yolo_detect
[1.347s] Installing yolov8_obj_det_amr script to /home/rokey/rokey_ws/install/amr_yolo_detect/lib/amr_yolo_detect
[1.347s] writing list of installed files to '/home/rokey/rokey_ws/build/amr_yolo_detect/install.log'
[1.375s] Invoked command in '/home/rokey/rokey_ws/src/amr_yolo_detect' returned '0': PYTHONPATH=/home/rokey/rokey_ws/build/amr_yolo_detect/prefix_override:/usr/lib/python3/dist-packages/colcon_core/task/python/colcon_distutils_commands:/home/rokey/rokey_ws/install/amr_yolo_detect/lib/python3.10/site-packages:${PYTHONPATH} /usr/bin/python3 -W ignore:setup.py install is deprecated -W ignore:easy_install command is deprecated setup.py egg_info --egg-base ../../build/amr_yolo_detect build --build-base /home/rokey/rokey_ws/build/amr_yolo_detect/build install --record /home/rokey/rokey_ws/build/amr_yolo_detect/install.log --single-version-externally-managed install_data
