running egg_info
creating ../../build/data_preprocessing_pkg/data_preprocessing_pkg.egg-info
writing ../../build/data_preprocessing_pkg/data_preprocessing_pkg.egg-info/PKG-INFO
writing dependency_links to ../../build/data_preprocessing_pkg/data_preprocessing_pkg.egg-info/dependency_links.txt
writing entry points to ../../build/data_preprocessing_pkg/data_preprocessing_pkg.egg-info/entry_points.txt
writing requirements to ../../build/data_preprocessing_pkg/data_preprocessing_pkg.egg-info/requires.txt
writing top-level names to ../../build/data_preprocessing_pkg/data_preprocessing_pkg.egg-info/top_level.txt
writing manifest file '../../build/data_preprocessing_pkg/data_preprocessing_pkg.egg-info/SOURCES.txt'
reading manifest file '../../build/data_preprocessing_pkg/data_preprocessing_pkg.egg-info/SOURCES.txt'
writing manifest file '../../build/data_preprocessing_pkg/data_preprocessing_pkg.egg-info/SOURCES.txt'
running build
running build_py
creating /home/rokey/rokey_ws/build/data_preprocessing_pkg/build
creating /home/rokey/rokey_ws/build/data_preprocessing_pkg/build/lib
creating /home/rokey/rokey_ws/build/data_preprocessing_pkg/build/lib/data_preprocessing_pkg
copying data_preprocessing_pkg/create_data_dirs.py -> /home/rokey/rokey_ws/build/data_preprocessing_pkg/build/lib/data_preprocessing_pkg
copying data_preprocessing_pkg/move_image.py -> /home/rokey/rokey_ws/build/data_preprocessing_pkg/build/lib/data_preprocessing_pkg
copying data_preprocessing_pkg/move_labels.py -> /home/rokey/rokey_ws/build/data_preprocessing_pkg/build/lib/data_preprocessing_pkg
copying data_preprocessing_pkg/__init__.py -> /home/rokey/rokey_ws/build/data_preprocessing_pkg/build/lib/data_preprocessing_pkg
running install
running install_lib
creating /home/rokey/rokey_ws/install/data_preprocessing_pkg/lib/python3.10/site-packages/data_preprocessing_pkg
copying /home/rokey/rokey_ws/build/data_preprocessing_pkg/build/lib/data_preprocessing_pkg/create_data_dirs.py -> /home/rokey/rokey_ws/install/data_preprocessing_pkg/lib/python3.10/site-packages/data_preprocessing_pkg
copying /home/rokey/rokey_ws/build/data_preprocessing_pkg/build/lib/data_preprocessing_pkg/move_image.py -> /home/rokey/rokey_ws/install/data_preprocessing_pkg/lib/python3.10/site-packages/data_preprocessing_pkg
copying /home/rokey/rokey_ws/build/data_preprocessing_pkg/build/lib/data_preprocessing_pkg/move_labels.py -> /home/rokey/rokey_ws/install/data_preprocessing_pkg/lib/python3.10/site-packages/data_preprocessing_pkg
copying /home/rokey/rokey_ws/build/data_preprocessing_pkg/build/lib/data_preprocessing_pkg/__init__.py -> /home/rokey/rokey_ws/install/data_preprocessing_pkg/lib/python3.10/site-packages/data_preprocessing_pkg
byte-compiling /home/rokey/rokey_ws/install/data_preprocessing_pkg/lib/python3.10/site-packages/data_preprocessing_pkg/create_data_dirs.py to create_data_dirs.cpython-310.pyc
byte-compiling /home/rokey/rokey_ws/install/data_preprocessing_pkg/lib/python3.10/site-packages/data_preprocessing_pkg/move_image.py to move_image.cpython-310.pyc
byte-compiling /home/rokey/rokey_ws/install/data_preprocessing_pkg/lib/python3.10/site-packages/data_preprocessing_pkg/move_labels.py to move_labels.cpython-310.pyc
byte-compiling /home/rokey/rokey_ws/install/data_preprocessing_pkg/lib/python3.10/site-packages/data_preprocessing_pkg/__init__.py to __init__.cpython-310.pyc
running install_data
creating /home/rokey/rokey_ws/install/data_preprocessing_pkg/share/ament_index
creating /home/rokey/rokey_ws/install/data_preprocessing_pkg/share/ament_index/resource_index
creating /home/rokey/rokey_ws/install/data_preprocessing_pkg/share/ament_index/resource_index/packages
copying resource/data_preprocessing_pkg -> /home/rokey/rokey_ws/install/data_preprocessing_pkg/share/ament_index/resource_index/packages
copying package.xml -> /home/rokey/rokey_ws/install/data_preprocessing_pkg/share/data_preprocessing_pkg
running install_egg_info
Copying ../../build/data_preprocessing_pkg/data_preprocessing_pkg.egg-info to /home/rokey/rokey_ws/install/data_preprocessing_pkg/lib/python3.10/site-packages/data_preprocessing_pkg-0.0.0-py3.10.egg-info
running install_scripts
Installing create_data_dirs script to /home/rokey/rokey_ws/install/data_preprocessing_pkg/lib/data_preprocessing_pkg
Installing move_image script to /home/rokey/rokey_ws/install/data_preprocessing_pkg/lib/data_preprocessing_pkg
Installing move_labels script to /home/rokey/rokey_ws/install/data_preprocessing_pkg/lib/data_preprocessing_pkg
writing list of installed files to '/home/rokey/rokey_ws/build/data_preprocessing_pkg/install.log'
