[0.370s] Invoking command in '/home/rokey/rokey_ws/src/data_preprocessing_pkg': PYTHONPATH=/home/rokey/rokey_ws/build/data_preprocessing_pkg/prefix_override:/usr/lib/python3/dist-packages/colcon_core/task/python/colcon_distutils_commands:/home/rokey/rokey_ws/install/data_preprocessing_pkg/lib/python3.10/site-packages:${PYTHONPATH} /usr/bin/python3 -W ignore:setup.py install is deprecated -W ignore:easy_install command is deprecated setup.py egg_info --egg-base ../../build/data_preprocessing_pkg build --build-base /home/rokey/rokey_ws/build/data_preprocessing_pkg/build install --record /home/rokey/rokey_ws/build/data_preprocessing_pkg/install.log --single-version-externally-managed install_data
[0.512s] running egg_info
[0.513s] writing ../../build/data_preprocessing_pkg/data_preprocessing_pkg.egg-info/PKG-INFO
[0.513s] writing dependency_links to ../../build/data_preprocessing_pkg/data_preprocessing_pkg.egg-info/dependency_links.txt
[0.513s] writing entry points to ../../build/data_preprocessing_pkg/data_preprocessing_pkg.egg-info/entry_points.txt
[0.513s] writing requirements to ../../build/data_preprocessing_pkg/data_preprocessing_pkg.egg-info/requires.txt
[0.513s] writing top-level names to ../../build/data_preprocessing_pkg/data_preprocessing_pkg.egg-info/top_level.txt
[0.514s] reading manifest file '../../build/data_preprocessing_pkg/data_preprocessing_pkg.egg-info/SOURCES.txt'
[0.515s] writing manifest file '../../build/data_preprocessing_pkg/data_preprocessing_pkg.egg-info/SOURCES.txt'
[0.515s] running build
[0.515s] running build_py
[0.515s] copying data_preprocessing_pkg/move_labels.py -> /home/rokey/rokey_ws/build/data_preprocessing_pkg/build/lib/data_preprocessing_pkg
[0.515s] running install
[0.515s] running install_lib
[0.515s] copying /home/rokey/rokey_ws/build/data_preprocessing_pkg/build/lib/data_preprocessing_pkg/move_labels.py -> /home/rokey/rokey_ws/install/data_preprocessing_pkg/lib/python3.10/site-packages/data_preprocessing_pkg
[0.516s] byte-compiling /home/rokey/rokey_ws/install/data_preprocessing_pkg/lib/python3.10/site-packages/data_preprocessing_pkg/move_labels.py to move_labels.cpython-310.pyc
[0.516s] running install_data
[0.516s] running install_egg_info
[0.517s] removing '/home/rokey/rokey_ws/install/data_preprocessing_pkg/lib/python3.10/site-packages/data_preprocessing_pkg-0.0.0-py3.10.egg-info' (and everything under it)
[0.517s] Copying ../../build/data_preprocessing_pkg/data_preprocessing_pkg.egg-info to /home/rokey/rokey_ws/install/data_preprocessing_pkg/lib/python3.10/site-packages/data_preprocessing_pkg-0.0.0-py3.10.egg-info
[0.518s] running install_scripts
[0.531s] Installing create_data_dirs script to /home/rokey/rokey_ws/install/data_preprocessing_pkg/lib/data_preprocessing_pkg
[0.531s] Installing move_image script to /home/rokey/rokey_ws/install/data_preprocessing_pkg/lib/data_preprocessing_pkg
[0.531s] Installing move_labels script to /home/rokey/rokey_ws/install/data_preprocessing_pkg/lib/data_preprocessing_pkg
[0.532s] writing list of installed files to '/home/rokey/rokey_ws/build/data_preprocessing_pkg/install.log'
[0.545s] Invoked command in '/home/rokey/rokey_ws/src/data_preprocessing_pkg' returned '0': PYTHONPATH=/home/rokey/rokey_ws/build/data_preprocessing_pkg/prefix_override:/usr/lib/python3/dist-packages/colcon_core/task/python/colcon_distutils_commands:/home/rokey/rokey_ws/install/data_preprocessing_pkg/lib/python3.10/site-packages:${PYTHONPATH} /usr/bin/python3 -W ignore:setup.py install is deprecated -W ignore:easy_install command is deprecated setup.py egg_info --egg-base ../../build/data_preprocessing_pkg build --build-base /home/rokey/rokey_ws/build/data_preprocessing_pkg/build install --record /home/rokey/rokey_ws/build/data_preprocessing_pkg/install.log --single-version-externally-managed install_data
