running egg_info
writing ../../build/img_data_pkg/img_data_pkg.egg-info/PKG-INFO
writing dependency_links to ../../build/img_data_pkg/img_data_pkg.egg-info/dependency_links.txt
writing entry points to ../../build/img_data_pkg/img_data_pkg.egg-info/entry_points.txt
writing requirements to ../../build/img_data_pkg/img_data_pkg.egg-info/requires.txt
writing top-level names to ../../build/img_data_pkg/img_data_pkg.egg-info/top_level.txt
reading manifest file '../../build/img_data_pkg/img_data_pkg.egg-info/SOURCES.txt'
writing manifest file '../../build/img_data_pkg/img_data_pkg.egg-info/SOURCES.txt'
running build
running build_py
running install
running install_lib
running install_data
running install_egg_info
removing '/home/rokey/rokey_ws/install/img_data_pkg/lib/python3.10/site-packages/img_data_pkg-0.0.0-py3.10.egg-info' (and everything under it)
Copying ../../build/img_data_pkg/img_data_pkg.egg-info to /home/rokey/rokey_ws/install/img_data_pkg/lib/python3.10/site-packages/img_data_pkg-0.0.0-py3.10.egg-info
running install_scripts
Installing data_publisher script to /home/rokey/rokey_ws/install/img_data_pkg/lib/img_data_pkg
Installing data_subscriber script to /home/rokey/rokey_ws/install/img_data_pkg/lib/img_data_pkg
Installing image_publisher script to /home/rokey/rokey_ws/install/img_data_pkg/lib/img_data_pkg
Installing image_subscriber script to /home/rokey/rokey_ws/install/img_data_pkg/lib/img_data_pkg
writing list of installed files to '/home/rokey/rokey_ws/build/img_data_pkg/install.log'
