/home/rokey/rokey_ws/install/data_preprocessing_pkg/lib/python3.10/site-packages/data_preprocessing_pkg/create_data_dirs.py
/home/rokey/rokey_ws/install/data_preprocessing_pkg/lib/python3.10/site-packages/data_preprocessing_pkg/move_image.py
/home/rokey/rokey_ws/install/data_preprocessing_pkg/lib/python3.10/site-packages/data_preprocessing_pkg/move_labels.py
/home/rokey/rokey_ws/install/data_preprocessing_pkg/lib/python3.10/site-packages/data_preprocessing_pkg/__init__.py
/home/rokey/rokey_ws/install/data_preprocessing_pkg/lib/python3.10/site-packages/data_preprocessing_pkg/__pycache__/create_data_dirs.cpython-310.pyc
/home/rokey/rokey_ws/install/data_preprocessing_pkg/lib/python3.10/site-packages/data_preprocessing_pkg/__pycache__/move_image.cpython-310.pyc
/home/rokey/rokey_ws/install/data_preprocessing_pkg/lib/python3.10/site-packages/data_preprocessing_pkg/__pycache__/move_labels.cpython-310.pyc
/home/rokey/rokey_ws/install/data_preprocessing_pkg/lib/python3.10/site-packages/data_preprocessing_pkg/__pycache__/__init__.cpython-310.pyc
/home/rokey/rokey_ws/install/data_preprocessing_pkg/share/ament_index/resource_index/packages/data_preprocessing_pkg
/home/rokey/rokey_ws/install/data_preprocessing_pkg/share/data_preprocessing_pkg/package.xml
/home/rokey/rokey_ws/install/data_preprocessing_pkg/lib/python3.10/site-packages/data_preprocessing_pkg-0.0.0-py3.10.egg-info/top_level.txt
/home/rokey/rokey_ws/install/data_preprocessing_pkg/lib/python3.10/site-packages/data_preprocessing_pkg-0.0.0-py3.10.egg-info/zip-safe
/home/rokey/rokey_ws/install/data_preprocessing_pkg/lib/python3.10/site-packages/data_preprocessing_pkg-0.0.0-py3.10.egg-info/PKG-INFO
/home/rokey/rokey_ws/install/data_preprocessing_pkg/lib/python3.10/site-packages/data_preprocessing_pkg-0.0.0-py3.10.egg-info/dependency_links.txt
/home/rokey/rokey_ws/install/data_preprocessing_pkg/lib/python3.10/site-packages/data_preprocessing_pkg-0.0.0-py3.10.egg-info/SOURCES.txt
/home/rokey/rokey_ws/install/data_preprocessing_pkg/lib/python3.10/site-packages/data_preprocessing_pkg-0.0.0-py3.10.egg-info/entry_points.txt
/home/rokey/rokey_ws/install/data_preprocessing_pkg/lib/python3.10/site-packages/data_preprocessing_pkg-0.0.0-py3.10.egg-info/requires.txt
/home/rokey/rokey_ws/install/data_preprocessing_pkg/lib/data_preprocessing_pkg/create_data_dirs
/home/rokey/rokey_ws/install/data_preprocessing_pkg/lib/data_preprocessing_pkg/move_image
/home/rokey/rokey_ws/install/data_preprocessing_pkg/lib/data_preprocessing_pkg/move_labels
