[1.088s] Invoking command in '/home/rokey/rokey_ws/src/turtlebot4_beep': PYTHONPATH=/home/rokey/rokey_ws/build/turtlebot4_beep/prefix_override:/usr/lib/python3/dist-packages/colcon_core/task/python/colcon_distutils_commands:/home/rokey/rokey_ws/install/turtlebot4_beep/lib/python3.10/site-packages:${PYTHONPATH} /usr/bin/python3 -W ignore:setup.py install is deprecated -W ignore:easy_install command is deprecated setup.py egg_info --egg-base ../../build/turtlebot4_beep build --build-base /home/rokey/rokey_ws/build/turtlebot4_beep/build install --record /home/rokey/rokey_ws/build/turtlebot4_beep/install.log --single-version-externally-managed install_data
[1.244s] running egg_info
[1.244s] creating ../../build/turtlebot4_beep/turtlebot4_beep.egg-info
[1.244s] writing ../../build/turtlebot4_beep/turtlebot4_beep.egg-info/PKG-INFO
[1.244s] writing dependency_links to ../../build/turtlebot4_beep/turtlebot4_beep.egg-info/dependency_links.txt
[1.244s] writing entry points to ../../build/turtlebot4_beep/turtlebot4_beep.egg-info/entry_points.txt
[1.244s] writing requirements to ../../build/turtlebot4_beep/turtlebot4_beep.egg-info/requires.txt
[1.244s] writing top-level names to ../../build/turtlebot4_beep/turtlebot4_beep.egg-info/top_level.txt
[1.245s] writing manifest file '../../build/turtlebot4_beep/turtlebot4_beep.egg-info/SOURCES.txt'
[1.245s] reading manifest file '../../build/turtlebot4_beep/turtlebot4_beep.egg-info/SOURCES.txt'
[1.246s] writing manifest file '../../build/turtlebot4_beep/turtlebot4_beep.egg-info/SOURCES.txt'
[1.246s] running build
[1.246s] running build_py
[1.246s] creating /home/rokey/rokey_ws/build/turtlebot4_beep/build
[1.246s] creating /home/rokey/rokey_ws/build/turtlebot4_beep/build/lib
[1.246s] creating /home/rokey/rokey_ws/build/turtlebot4_beep/build/lib/turtlebot4_beep
[1.246s] copying turtlebot4_beep/beep_node.py -> /home/rokey/rokey_ws/build/turtlebot4_beep/build/lib/turtlebot4_beep
[1.246s] copying turtlebot4_beep/__init__.py -> /home/rokey/rokey_ws/build/turtlebot4_beep/build/lib/turtlebot4_beep
[1.246s] running install
[1.247s] running install_lib
[1.247s] creating /home/rokey/rokey_ws/install/turtlebot4_beep/lib/python3.10/site-packages/turtlebot4_beep
[1.247s] copying /home/rokey/rokey_ws/build/turtlebot4_beep/build/lib/turtlebot4_beep/beep_node.py -> /home/rokey/rokey_ws/install/turtlebot4_beep/lib/python3.10/site-packages/turtlebot4_beep
[1.247s] copying /home/rokey/rokey_ws/build/turtlebot4_beep/build/lib/turtlebot4_beep/__init__.py -> /home/rokey/rokey_ws/install/turtlebot4_beep/lib/python3.10/site-packages/turtlebot4_beep
[1.247s] byte-compiling /home/rokey/rokey_ws/install/turtlebot4_beep/lib/python3.10/site-packages/turtlebot4_beep/beep_node.py to beep_node.cpython-310.pyc
[1.248s] byte-compiling /home/rokey/rokey_ws/install/turtlebot4_beep/lib/python3.10/site-packages/turtlebot4_beep/__init__.py to __init__.cpython-310.pyc
[1.248s] running install_data
[1.248s] creating /home/rokey/rokey_ws/install/turtlebot4_beep/share/ament_index
[1.248s] creating /home/rokey/rokey_ws/install/turtlebot4_beep/share/ament_index/resource_index
[1.248s] creating /home/rokey/rokey_ws/install/turtlebot4_beep/share/ament_index/resource_index/packages
[1.248s] copying resource/turtlebot4_beep -> /home/rokey/rokey_ws/install/turtlebot4_beep/share/ament_index/resource_index/packages
[1.248s] copying package.xml -> /home/rokey/rokey_ws/install/turtlebot4_beep/share/turtlebot4_beep
[1.248s] running install_egg_info
[1.249s] Copying ../../build/turtlebot4_beep/turtlebot4_beep.egg-info to /home/rokey/rokey_ws/install/turtlebot4_beep/lib/python3.10/site-packages/turtlebot4_beep-0.0.0-py3.10.egg-info
[1.249s] running install_scripts
[1.263s] Installing beep_node script to /home/rokey/rokey_ws/install/turtlebot4_beep/lib/turtlebot4_beep
[1.263s] writing list of installed files to '/home/rokey/rokey_ws/build/turtlebot4_beep/install.log'
[1.281s] Invoked command in '/home/rokey/rokey_ws/src/turtlebot4_beep' returned '0': PYTHONPATH=/home/rokey/rokey_ws/build/turtlebot4_beep/prefix_override:/usr/lib/python3/dist-packages/colcon_core/task/python/colcon_distutils_commands:/home/rokey/rokey_ws/install/turtlebot4_beep/lib/python3.10/site-packages:${PYTHONPATH} /usr/bin/python3 -W ignore:setup.py install is deprecated -W ignore:easy_install command is deprecated setup.py egg_info --egg-base ../../build/turtlebot4_beep build --build-base /home/rokey/rokey_ws/build/turtlebot4_beep/build install --record /home/rokey/rokey_ws/build/turtlebot4_beep/install.log --single-version-externally-managed install_data
