[1.183s] Invoking command in '/home/rokey/rokey_ws/src/img_data_pkg': PYTHONPATH=/home/rokey/rokey_ws/build/img_data_pkg/prefix_override:/usr/lib/python3/dist-packages/colcon_core/task/python/colcon_distutils_commands:/home/rokey/rokey_ws/install/img_data_pkg/lib/python3.10/site-packages:${PYTHONPATH} /usr/bin/python3 -W ignore:setup.py install is deprecated -W ignore:easy_install command is deprecated setup.py egg_info --egg-base ../../build/img_data_pkg build --build-base /home/rokey/rokey_ws/build/img_data_pkg/build install --record /home/rokey/rokey_ws/build/img_data_pkg/install.log --single-version-externally-managed install_data
[1.360s] running egg_info
[1.360s] writing ../../build/img_data_pkg/img_data_pkg.egg-info/PKG-INFO
[1.360s] writing dependency_links to ../../build/img_data_pkg/img_data_pkg.egg-info/dependency_links.txt
[1.361s] writing entry points to ../../build/img_data_pkg/img_data_pkg.egg-info/entry_points.txt
[1.361s] writing requirements to ../../build/img_data_pkg/img_data_pkg.egg-info/requires.txt
[1.361s] writing top-level names to ../../build/img_data_pkg/img_data_pkg.egg-info/top_level.txt
[1.362s] reading manifest file '../../build/img_data_pkg/img_data_pkg.egg-info/SOURCES.txt'
[1.362s] writing manifest file '../../build/img_data_pkg/img_data_pkg.egg-info/SOURCES.txt'
[1.362s] running build
[1.362s] running build_py
[1.362s] running install
[1.362s] running install_lib
[1.363s] running install_data
[1.363s] running install_egg_info
[1.364s] removing '/home/rokey/rokey_ws/install/img_data_pkg/lib/python3.10/site-packages/img_data_pkg-0.0.0-py3.10.egg-info' (and everything under it)
[1.364s] Copying ../../build/img_data_pkg/img_data_pkg.egg-info to /home/rokey/rokey_ws/install/img_data_pkg/lib/python3.10/site-packages/img_data_pkg-0.0.0-py3.10.egg-info
[1.364s] running install_scripts
[1.378s] Installing data_publisher script to /home/rokey/rokey_ws/install/img_data_pkg/lib/img_data_pkg
[1.378s] Installing data_subscriber script to /home/rokey/rokey_ws/install/img_data_pkg/lib/img_data_pkg
[1.378s] Installing image_publisher script to /home/rokey/rokey_ws/install/img_data_pkg/lib/img_data_pkg
[1.378s] Installing image_subscriber script to /home/rokey/rokey_ws/install/img_data_pkg/lib/img_data_pkg
[1.378s] writing list of installed files to '/home/rokey/rokey_ws/build/img_data_pkg/install.log'
[1.394s] Invoked command in '/home/rokey/rokey_ws/src/img_data_pkg' returned '0': PYTHONPATH=/home/rokey/rokey_ws/build/img_data_pkg/prefix_override:/usr/lib/python3/dist-packages/colcon_core/task/python/colcon_distutils_commands:/home/rokey/rokey_ws/install/img_data_pkg/lib/python3.10/site-packages:${PYTHONPATH} /usr/bin/python3 -W ignore:setup.py install is deprecated -W ignore:easy_install command is deprecated setup.py egg_info --egg-base ../../build/img_data_pkg build --build-base /home/rokey/rokey_ws/build/img_data_pkg/build install --record /home/rokey/rokey_ws/build/img_data_pkg/install.log --single-version-externally-managed install_data
