[1.199s] Invoking command in '/home/rokey/rokey_ws/src/amr_c2': PYTHONPATH=/home/rokey/rokey_ws/build/mini_pjt/prefix_override:/usr/lib/python3/dist-packages/colcon_core/task/python/colcon_distutils_commands:/home/rokey/rokey_ws/install/mini_pjt/lib/python3.10/site-packages:${PYTHONPATH} /usr/bin/python3 -W ignore:setup.py install is deprecated -W ignore:easy_install command is deprecated setup.py egg_info --egg-base ../../build/mini_pjt build --build-base /home/rokey/rokey_ws/build/mini_pjt/build install --record /home/rokey/rokey_ws/build/mini_pjt/install.log --single-version-externally-managed install_data
[1.343s] Traceback (most recent call last):
[1.343s]   File "/usr/lib/python3/dist-packages/pkg_resources/__init__.py", line 2866, in get_entry_map
[1.343s]     ep_map = self._ep_map
[1.343s]   File "/usr/lib/python3/dist-packages/pkg_resources/__init__.py", line 2828, in __getattr__
[1.344s]     raise AttributeError(attr)
[1.344s] AttributeError: _ep_map. Did you mean: '_dep_map'?
[1.344s] 
[1.344s] During handling of the above exception, another exception occurred:
[1.344s] 
[1.344s] Traceback (most recent call last):
[1.344s]   File "/home/rokey/rokey_ws/src/amr_c2/setup.py", line 5, in <module>
[1.344s]     setup(
[1.344s]   File "/usr/lib/python3/dist-packages/setuptools/__init__.py", line 152, in setup
[1.344s]     _install_setup_requires(attrs)
[1.344s]   File "/usr/lib/python3/dist-packages/setuptools/__init__.py", line 142, in _install_setup_requires
[1.345s]     dist = MinimalDistribution(attrs)
[1.345s]   File "/usr/lib/python3/dist-packages/setuptools/__init__.py", line 134, in __init__
[1.345s]     distutils.core.Distribution.__init__(self, filtered)
[1.345s]   File "/usr/lib/python3/dist-packages/setuptools/dist.py", line 457, in __init__
[1.347s]     for ep in pkg_resources.iter_entry_points('distutils.setup_keywords'):
[1.347s]   File "/usr/lib/python3/dist-packages/pkg_resources/__init__.py", line 646, in <genexpr>
[1.347s]     for entry in dist.get_entry_map(group).values()
[1.347s]   File "/usr/lib/python3/dist-packages/pkg_resources/__init__.py", line 2868, in get_entry_map
[1.347s]     ep_map = self._ep_map = EntryPoint.parse_map(
[1.347s]   File "/usr/lib/python3/dist-packages/pkg_resources/__init__.py", line 2549, in parse_map
[1.347s]     for group, lines in data:
[1.347s]   File "/usr/lib/python3/dist-packages/pkg_resources/__init__.py", line 3205, in split_sections
[1.347s]     for line in yield_lines(s):
[1.348s]   File "/usr/lib/python3/dist-packages/pkg_resources/__init__.py", line 2780, in _get_metadata
[1.348s]     for line in self.get_metadata_lines(name):
[1.348s]   File "/usr/lib/python3/dist-packages/pkg_resources/__init__.py", line 1422, in get_metadata_lines
[1.348s]     return yield_lines(self.get_metadata(name))
[1.348s]   File "/usr/lib/python3/dist-packages/pkg_resources/__init__.py", line 1412, in get_metadata
[1.348s]     value = self._get(path)
[1.348s]   File "/usr/lib/python3/dist-packages/pkg_resources/__init__.py", line 1616, in _get
[1.348s]     with open(path, 'rb') as stream:
[1.348s] FileNotFoundError: [Errno 2] No such file or directory: '/home/rokey/rokey_ws/install/img_data_pkg/lib/python3.10/site-packages/img_data_pkg-0.0.0-py3.10.egg-info/entry_points.txt'
[1.362s] Invoked command in '/home/rokey/rokey_ws/src/amr_c2' returned '1': PYTHONPATH=/home/rokey/rokey_ws/build/mini_pjt/prefix_override:/usr/lib/python3/dist-packages/colcon_core/task/python/colcon_distutils_commands:/home/rokey/rokey_ws/install/mini_pjt/lib/python3.10/site-packages:${PYTHONPATH} /usr/bin/python3 -W ignore:setup.py install is deprecated -W ignore:easy_install command is deprecated setup.py egg_info --egg-base ../../build/mini_pjt build --build-base /home/rokey/rokey_ws/build/mini_pjt/build install --record /home/rokey/rokey_ws/build/mini_pjt/install.log --single-version-externally-managed install_data
