running develop
running egg_info
creating img_data_pkg.egg-info
writing img_data_pkg.egg-info/PKG-INFO
writing dependency_links to img_data_pkg.egg-info/dependency_links.txt
writing entry points to img_data_pkg.egg-info/entry_points.txt
writing requirements to img_data_pkg.egg-info/requires.txt
writing top-level names to img_data_pkg.egg-info/top_level.txt
writing manifest file 'img_data_pkg.egg-info/SOURCES.txt'
reading manifest file 'img_data_pkg.egg-info/SOURCES.txt'
writing manifest file 'img_data_pkg.egg-info/SOURCES.txt'
running build_ext
Creating /home/rokey/rokey_ws/install/img_data_pkg/lib/python3.10/site-packages/img-data-pkg.egg-link (link to .)
Installing capture_photo script to /home/rokey/rokey_ws/install/img_data_pkg/lib/img_data_pkg
Installing data_publisher script to /home/rokey/rokey_ws/install/img_data_pkg/lib/img_data_pkg
Installing data_subscriber script to /home/rokey/rokey_ws/install/img_data_pkg/lib/img_data_pkg
Installing image_publisher script to /home/rokey/rokey_ws/install/img_data_pkg/lib/img_data_pkg
Installing image_subscriber script to /home/rokey/rokey_ws/install/img_data_pkg/lib/img_data_pkg

Installed /home/rokey/rokey_ws/build/img_data_pkg
running symlink_data
creating /home/rokey/rokey_ws/install/img_data_pkg/share/ament_index
creating /home/rokey/rokey_ws/install/img_data_pkg/share/ament_index/resource_index
creating /home/rokey/rokey_ws/install/img_data_pkg/share/ament_index/resource_index/packages
symbolically linking /home/rokey/rokey_ws/build/img_data_pkg/resource/img_data_pkg -> /home/rokey/rokey_ws/install/img_data_pkg/share/ament_index/resource_index/packages
symbolically linking /home/rokey/rokey_ws/build/img_data_pkg/package.xml -> /home/rokey/rokey_ws/install/img_data_pkg/share/img_data_pkg
creating /home/rokey/rokey_ws/install/img_data_pkg/share/img_data_pkg/images
