[0.393s] Invoking command in '/home/rokey/rokey_ws/build/img_data_pkg': PYTHONPATH=/home/rokey/rokey_ws/build/img_data_pkg/prefix_override:/usr/lib/python3/dist-packages/colcon_core/task/python/colcon_distutils_commands:/home/rokey/rokey_ws/install/img_data_pkg/lib/python3.10/site-packages:${PYTHONPATH} /usr/bin/python3 -W ignore:setup.py install is deprecated -W ignore:easy_install command is deprecated setup.py develop --editable --build-directory /home/rokey/rokey_ws/build/img_data_pkg/build --no-deps symlink_data
[0.551s] running develop
[0.654s] running egg_info
[0.654s] creating img_data_pkg.egg-info
[0.654s] writing img_data_pkg.egg-info/PKG-INFO
[0.654s] writing dependency_links to img_data_pkg.egg-info/dependency_links.txt
[0.654s] writing entry points to img_data_pkg.egg-info/entry_points.txt
[0.654s] writing requirements to img_data_pkg.egg-info/requires.txt
[0.654s] writing top-level names to img_data_pkg.egg-info/top_level.txt
[0.654s] writing manifest file 'img_data_pkg.egg-info/SOURCES.txt'
[0.655s] reading manifest file 'img_data_pkg.egg-info/SOURCES.txt'
[0.655s] writing manifest file 'img_data_pkg.egg-info/SOURCES.txt'
[0.657s] running build_ext
[0.657s] Creating /home/rokey/rokey_ws/install/img_data_pkg/lib/python3.10/site-packages/img-data-pkg.egg-link (link to .)
[0.657s] Installing capture_photo script to /home/rokey/rokey_ws/install/img_data_pkg/lib/img_data_pkg
[0.657s] Installing data_publisher script to /home/rokey/rokey_ws/install/img_data_pkg/lib/img_data_pkg
[0.657s] Installing data_subscriber script to /home/rokey/rokey_ws/install/img_data_pkg/lib/img_data_pkg
[0.657s] Installing image_publisher script to /home/rokey/rokey_ws/install/img_data_pkg/lib/img_data_pkg
[0.657s] Installing image_subscriber script to /home/rokey/rokey_ws/install/img_data_pkg/lib/img_data_pkg
[0.657s] 
[0.657s] Installed /home/rokey/rokey_ws/build/img_data_pkg
[0.657s] running symlink_data
[0.657s] creating /home/rokey/rokey_ws/install/img_data_pkg/share/ament_index
[0.657s] creating /home/rokey/rokey_ws/install/img_data_pkg/share/ament_index/resource_index
[0.657s] creating /home/rokey/rokey_ws/install/img_data_pkg/share/ament_index/resource_index/packages
[0.657s] symbolically linking /home/rokey/rokey_ws/build/img_data_pkg/resource/img_data_pkg -> /home/rokey/rokey_ws/install/img_data_pkg/share/ament_index/resource_index/packages
[0.658s] symbolically linking /home/rokey/rokey_ws/build/img_data_pkg/package.xml -> /home/rokey/rokey_ws/install/img_data_pkg/share/img_data_pkg
[0.658s] creating /home/rokey/rokey_ws/install/img_data_pkg/share/img_data_pkg/images
[0.673s] Invoked command in '/home/rokey/rokey_ws/build/img_data_pkg' returned '0': PYTHONPATH=/home/rokey/rokey_ws/build/img_data_pkg/prefix_override:/usr/lib/python3/dist-packages/colcon_core/task/python/colcon_distutils_commands:/home/rokey/rokey_ws/install/img_data_pkg/lib/python3.10/site-packages:${PYTHONPATH} /usr/bin/python3 -W ignore:setup.py install is deprecated -W ignore:easy_install command is deprecated setup.py develop --editable --build-directory /home/rokey/rokey_ws/build/img_data_pkg/build --no-deps symlink_data
