/home/rokey/rokey_ws/install/amr_yolo_detect/lib/python3.10/site-packages/amr_yolo_detect/yolov8_obj_det_amr.py
/home/rokey/rokey_ws/install/amr_yolo_detect/lib/python3.10/site-packages/amr_yolo_detect/yolo_publisher_amr.py
/home/rokey/rokey_ws/install/amr_yolo_detect/lib/python3.10/site-packages/amr_yolo_detect/__init__.py
/home/rokey/rokey_ws/install/amr_yolo_detect/lib/python3.10/site-packages/amr_yolo_detect/yolo_subscriber_amr.py
/home/rokey/rokey_ws/install/amr_yolo_detect/lib/python3.10/site-packages/amr_yolo_detect/__pycache__/yolov8_obj_det_amr.cpython-310.pyc
/home/rokey/rokey_ws/install/amr_yolo_detect/lib/python3.10/site-packages/amr_yolo_detect/__pycache__/yolo_publisher_amr.cpython-310.pyc
/home/rokey/rokey_ws/install/amr_yolo_detect/lib/python3.10/site-packages/amr_yolo_detect/__pycache__/__init__.cpython-310.pyc
/home/rokey/rokey_ws/install/amr_yolo_detect/lib/python3.10/site-packages/amr_yolo_detect/__pycache__/yolo_subscriber_amr.cpython-310.pyc
/home/rokey/rokey_ws/install/amr_yolo_detect/share/ament_index/resource_index/packages/amr_yolo_detect
/home/rokey/rokey_ws/install/amr_yolo_detect/share/amr_yolo_detect/package.xml
/home/rokey/rokey_ws/install/amr_yolo_detect/lib/python3.10/site-packages/amr_yolo_detect-0.0.0-py3.10.egg-info/top_level.txt
/home/rokey/rokey_ws/install/amr_yolo_detect/lib/python3.10/site-packages/amr_yolo_detect-0.0.0-py3.10.egg-info/zip-safe
/home/rokey/rokey_ws/install/amr_yolo_detect/lib/python3.10/site-packages/amr_yolo_detect-0.0.0-py3.10.egg-info/PKG-INFO
/home/rokey/rokey_ws/install/amr_yolo_detect/lib/python3.10/site-packages/amr_yolo_detect-0.0.0-py3.10.egg-info/dependency_links.txt
/home/rokey/rokey_ws/install/amr_yolo_detect/lib/python3.10/site-packages/amr_yolo_detect-0.0.0-py3.10.egg-info/SOURCES.txt
/home/rokey/rokey_ws/install/amr_yolo_detect/lib/python3.10/site-packages/amr_yolo_detect-0.0.0-py3.10.egg-info/entry_points.txt
/home/rokey/rokey_ws/install/amr_yolo_detect/lib/python3.10/site-packages/amr_yolo_detect-0.0.0-py3.10.egg-info/requires.txt
/home/rokey/rokey_ws/install/amr_yolo_detect/lib/amr_yolo_detect/yolo_publisher_amr
/home/rokey/rokey_ws/install/amr_yolo_detect/lib/amr_yolo_detect/yolo_subscriber_amr
/home/rokey/rokey_ws/install/amr_yolo_detect/lib/amr_yolo_detect/yolov8_obj_det_amr
