[0.363s] Invoking command in '/home/rokey/rokey_ws/src/image_capture': PYTHONPATH=/home/rokey/rokey_ws/build/image_capture/prefix_override:/usr/lib/python3/dist-packages/colcon_core/task/python/colcon_distutils_commands:/home/rokey/rokey_ws/install/image_capture/lib/python3.10/site-packages:${PYTHONPATH} /usr/bin/python3 -W ignore:setup.py install is deprecated -W ignore:easy_install command is deprecated setup.py egg_info --egg-base ../../build/image_capture build --build-base /home/rokey/rokey_ws/build/image_capture/build install --record /home/rokey/rokey_ws/build/image_capture/install.log --single-version-externally-managed install_data
[0.504s] running egg_info
[0.504s] writing ../../build/image_capture/image_capture.egg-info/PKG-INFO
[0.504s] writing dependency_links to ../../build/image_capture/image_capture.egg-info/dependency_links.txt
[0.504s] writing entry points to ../../build/image_capture/image_capture.egg-info/entry_points.txt
[0.504s] writing requirements to ../../build/image_capture/image_capture.egg-info/requires.txt
[0.504s] writing top-level names to ../../build/image_capture/image_capture.egg-info/top_level.txt
[0.505s] reading manifest file '../../build/image_capture/image_capture.egg-info/SOURCES.txt'
[0.506s] writing manifest file '../../build/image_capture/image_capture.egg-info/SOURCES.txt'
[0.506s] running build
[0.506s] running build_py
[0.506s] running install
[0.506s] running install_lib
[0.507s] running install_data
[0.507s] running install_egg_info
[0.508s] removing '/home/rokey/rokey_ws/install/image_capture/lib/python3.10/site-packages/image_capture-0.0.0-py3.10.egg-info' (and everything under it)
[0.508s] Copying ../../build/image_capture/image_capture.egg-info to /home/rokey/rokey_ws/install/image_capture/lib/python3.10/site-packages/image_capture-0.0.0-py3.10.egg-info
[0.508s] running install_scripts
[0.520s] Installing image_capture_node script to /home/rokey/rokey_ws/install/image_capture/lib/image_capture
[0.520s] writing list of installed files to '/home/rokey/rokey_ws/build/image_capture/install.log'
[0.533s] Invoked command in '/home/rokey/rokey_ws/src/image_capture' returned '0': PYTHONPATH=/home/rokey/rokey_ws/build/image_capture/prefix_override:/usr/lib/python3/dist-packages/colcon_core/task/python/colcon_distutils_commands:/home/rokey/rokey_ws/install/image_capture/lib/python3.10/site-packages:${PYTHONPATH} /usr/bin/python3 -W ignore:setup.py install is deprecated -W ignore:easy_install command is deprecated setup.py egg_info --egg-base ../../build/image_capture build --build-base /home/rokey/rokey_ws/build/image_capture/build install --record /home/rokey/rokey_ws/build/image_capture/install.log --single-version-externally-managed install_data
