[1.205s] Invoking command in '/home/rokey/rokey_ws/src/turtlebot4_beep': PYTHONPATH=/home/rokey/rokey_ws/build/turtlebot4_beep/prefix_override:/usr/lib/python3/dist-packages/colcon_core/task/python/colcon_distutils_commands:/home/rokey/rokey_ws/install/turtlebot4_beep/lib/python3.10/site-packages:${PYTHONPATH} /usr/bin/python3 -W ignore:setup.py install is deprecated -W ignore:easy_install command is deprecated setup.py egg_info --egg-base ../../build/turtlebot4_beep build --build-base /home/rokey/rokey_ws/build/turtlebot4_beep/build install --record /home/rokey/rokey_ws/build/turtlebot4_beep/install.log --single-version-externally-managed install_data
[1.355s] running egg_info
[1.356s] writing ../../build/turtlebot4_beep/turtlebot4_beep.egg-info/PKG-INFO
[1.356s] writing dependency_links to ../../build/turtlebot4_beep/turtlebot4_beep.egg-info/dependency_links.txt
[1.356s] writing entry points to ../../build/turtlebot4_beep/turtlebot4_beep.egg-info/entry_points.txt
[1.356s] writing requirements to ../../build/turtlebot4_beep/turtlebot4_beep.egg-info/requires.txt
[1.356s] writing top-level names to ../../build/turtlebot4_beep/turtlebot4_beep.egg-info/top_level.txt
[1.357s] reading manifest file '../../build/turtlebot4_beep/turtlebot4_beep.egg-info/SOURCES.txt'
[1.358s] writing manifest file '../../build/turtlebot4_beep/turtlebot4_beep.egg-info/SOURCES.txt'
[1.358s] running build
[1.358s] running build_py
[1.359s] running install
[1.359s] running install_lib
[1.360s] running install_data
[1.360s] running install_egg_info
[1.360s] removing '/home/rokey/rokey_ws/install/turtlebot4_beep/lib/python3.10/site-packages/turtlebot4_beep-0.0.0-py3.10.egg-info' (and everything under it)
[1.360s] Copying ../../build/turtlebot4_beep/turtlebot4_beep.egg-info to /home/rokey/rokey_ws/install/turtlebot4_beep/lib/python3.10/site-packages/turtlebot4_beep-0.0.0-py3.10.egg-info
[1.361s] running install_scripts
[1.375s] Installing beep_node script to /home/rokey/rokey_ws/install/turtlebot4_beep/lib/turtlebot4_beep
[1.375s] writing list of installed files to '/home/rokey/rokey_ws/build/turtlebot4_beep/install.log'
