[1.032s] Invoking command in '/home/rokey/rokey_ws/src/data_preprocessing_pkg': PYTHONPATH=/home/rokey/rokey_ws/build/data_preprocessing_pkg/prefix_override:/usr/lib/python3/dist-packages/colcon_core/task/python/colcon_distutils_commands:/home/rokey/rokey_ws/install/data_preprocessing_pkg/lib/python3.10/site-packages:${PYTHONPATH} /usr/bin/python3 -W ignore:setup.py install is deprecated -W ignore:easy_install command is deprecated setup.py egg_info --egg-base ../../build/data_preprocessing_pkg build --build-base /home/rokey/rokey_ws/build/data_preprocessing_pkg/build install --record /home/rokey/rokey_ws/build/data_preprocessing_pkg/install.log --single-version-externally-managed install_data
[1.182s] running egg_info
[1.182s] writing ../../build/data_preprocessing_pkg/data_preprocessing_pkg.egg-info/PKG-INFO
[1.182s] writing dependency_links to ../../build/data_preprocessing_pkg/data_preprocessing_pkg.egg-info/dependency_links.txt
[1.182s] writing entry points to ../../build/data_preprocessing_pkg/data_preprocessing_pkg.egg-info/entry_points.txt
[1.182s] writing requirements to ../../build/data_preprocessing_pkg/data_preprocessing_pkg.egg-info/requires.txt
[1.183s] writing top-level names to ../../build/data_preprocessing_pkg/data_preprocessing_pkg.egg-info/top_level.txt
[1.184s] reading manifest file '../../build/data_preprocessing_pkg/data_preprocessing_pkg.egg-info/SOURCES.txt'
[1.184s] writing manifest file '../../build/data_preprocessing_pkg/data_preprocessing_pkg.egg-info/SOURCES.txt'
[1.184s] running build
[1.184s] running build_py
[1.185s] running install
[1.185s] running install_lib
[1.186s] running install_data
[1.186s] running install_egg_info
[1.187s] removing '/home/rokey/rokey_ws/install/data_preprocessing_pkg/lib/python3.10/site-packages/data_preprocessing_pkg-0.0.0-py3.10.egg-info' (and everything under it)
[1.187s] Copying ../../build/data_preprocessing_pkg/data_preprocessing_pkg.egg-info to /home/rokey/rokey_ws/install/data_preprocessing_pkg/lib/python3.10/site-packages/data_preprocessing_pkg-0.0.0-py3.10.egg-info
[1.187s] running install_scripts
[1.201s] Installing create_data_dirs script to /home/rokey/rokey_ws/install/data_preprocessing_pkg/lib/data_preprocessing_pkg
[1.201s] Installing move_image script to /home/rokey/rokey_ws/install/data_preprocessing_pkg/lib/data_preprocessing_pkg
[1.201s] Installing move_labels script to /home/rokey/rokey_ws/install/data_preprocessing_pkg/lib/data_preprocessing_pkg
[1.201s] writing list of installed files to '/home/rokey/rokey_ws/build/data_preprocessing_pkg/install.log'
[1.219s] Invoked command in '/home/rokey/rokey_ws/src/data_preprocessing_pkg' returned '0': PYTHONPATH=/home/rokey/rokey_ws/build/data_preprocessing_pkg/prefix_override:/usr/lib/python3/dist-packages/colcon_core/task/python/colcon_distutils_commands:/home/rokey/rokey_ws/install/data_preprocessing_pkg/lib/python3.10/site-packages:${PYTHONPATH} /usr/bin/python3 -W ignore:setup.py install is deprecated -W ignore:easy_install command is deprecated setup.py egg_info --egg-base ../../build/data_preprocessing_pkg build --build-base /home/rokey/rokey_ws/build/data_preprocessing_pkg/build install --record /home/rokey/rokey_ws/build/data_preprocessing_pkg/install.log --single-version-externally-managed install_data
